<?xml version="1.0" encoding="UTF-8"?>
<!-- Generated by org.testng.reporters.JUnitXMLReporter -->
<testsuite hostname="LAPTOP-KU6KAF8K" name="SanityTest" tests="13" failures="4" timestamp="28 Oct 2020 06:13:42 GMT" time="1161.651" errors="0">
  <testcase name="connectionMobile" time="42.77" classname="main.java.com.metrobank.mobile.MBM.TestCase.Login.Login_TCID_01_05"/>
  <testcase name="connectionMobile" time="59.696" classname="main.java.com.metrobank.mobile.MBM.TestCase.Login.Login_TCID_01_16"/>
  <testcase name="connectionMobile" time="42.923" classname="main.java.com.metrobank.mobile.MBM.TestCase.Login.Login_TCID_01_63">
    <failure type="org.openqa.selenium.NoSuchElementException" message="An element could not be located on the page using the given search parameters.
For documentation on this error, please visit: http://seleniumhq.org/exceptions/no_such_element.html
Build info: version: &amp;apos;3.6.0&amp;apos;, revision: &amp;apos;6fbf3ec767&amp;apos;, time: &amp;apos;2017-09-27T16:15:26.402Z&amp;apos;
System info: host: &amp;apos;LAPTOP-KU6KAF8K&amp;apos;, ip: &amp;apos;192.168.254.103&amp;apos;, os.name: &amp;apos;Windows 10&amp;apos;, os.arch: &amp;apos;x86&amp;apos;, os.version: &amp;apos;10.0&amp;apos;, java.version: &amp;apos;1.8.0_241&amp;apos;
Driver info: io.appium.java_client.android.AndroidDriver
Capabilities [{appPackage=ph.com.metrobank.mcc.mbonline, statBarHeight=50, noReset=true, viewportRect={top=50, left=0, width=720, height=1134}, deviceName=AVY9K17318900447, platform=LINUX, deviceUDID=AVY9K17318900447, desired={appPackage=ph.com.metrobank.mcc.mbonline, appActivity=ph.com.metrobank.mcc.mbm.MainActivity, noReset=true, noSign=true, platformVersion=5.1, automationName=UiAutomator2, platformName=Android, udid=AVY9K17318900447, deviceName=HUAWEI TIT-AL00}, platformVersion=5.1, webStorageEnabled=false, automationName=UiAutomator2, takesScreenshot=true, javascriptEnabled=true, udid=AVY9K17318900447, deviceApiLevel=22, deviceManufacturer=HUAWEI, platformName=LINUX, deviceScreenSize=720x1280, networkConnectionEnabled=true, noSign=true, warnings={}, databaseEnabled=false, appActivity=ph.com.metrobank.mcc.mbm.MainActivity, pixelRatio=2, locationContextEnabled=false, deviceScreenDensity=320, deviceModel=HUAWEI TIT-AL00}]
Session ID: 8d8d6e5c-f671-45f4-a4fd-bb7d6ba00e61
*** Element info: {Using=xpath, value=//*[@content-desc=&amp;apos;dashboardHeaderMenuLogoutId&amp;apos;]}">
      <![CDATA[org.openqa.selenium.NoSuchElementException: An element could not be located on the page using the given search parameters.
For documentation on this error, please visit: http://seleniumhq.org/exceptions/no_such_element.html
Build info: version: '3.6.0', revision: '6fbf3ec767', time: '2017-09-27T16:15:26.402Z'
System info: host: 'LAPTOP-KU6KAF8K', ip: '192.168.254.103', os.name: 'Windows 10', os.arch: 'x86', os.version: '10.0', java.version: '1.8.0_241'
Driver info: io.appium.java_client.android.AndroidDriver
Capabilities [{appPackage=ph.com.metrobank.mcc.mbonline, statBarHeight=50, noReset=true, viewportRect={top=50, left=0, width=720, height=1134}, deviceName=AVY9K17318900447, platform=LINUX, deviceUDID=AVY9K17318900447, desired={appPackage=ph.com.metrobank.mcc.mbonline, appActivity=ph.com.metrobank.mcc.mbm.MainActivity, noReset=true, noSign=true, platformVersion=5.1, automationName=UiAutomator2, platformName=Android, udid=AVY9K17318900447, deviceName=HUAWEI TIT-AL00}, platformVersion=5.1, webStorageEnabled=false, automationName=UiAutomator2, takesScreenshot=true, javascriptEnabled=true, udid=AVY9K17318900447, deviceApiLevel=22, deviceManufacturer=HUAWEI, platformName=LINUX, deviceScreenSize=720x1280, networkConnectionEnabled=true, noSign=true, warnings={}, databaseEnabled=false, appActivity=ph.com.metrobank.mcc.mbm.MainActivity, pixelRatio=2, locationContextEnabled=false, deviceScreenDensity=320, deviceModel=HUAWEI TIT-AL00}]
Session ID: 8d8d6e5c-f671-45f4-a4fd-bb7d6ba00e61
*** Element info: {Using=xpath, value=//*[@content-desc='dashboardHeaderMenuLogoutId']}
	at org.openqa.selenium.remote.http.W3CHttpResponseCodec.createException(W3CHttpResponseCodec.java:185)
	at org.openqa.selenium.remote.http.W3CHttpResponseCodec.decode(W3CHttpResponseCodec.java:120)
	at org.openqa.selenium.remote.http.W3CHttpResponseCodec.decode(W3CHttpResponseCodec.java:49)
	at org.openqa.selenium.remote.HttpCommandExecutor.execute(HttpCommandExecutor.java:164)
	at io.appium.java_client.remote.AppiumCommandExecutor.execute(AppiumCommandExecutor.java:67)
	at org.openqa.selenium.remote.RemoteWebDriver.execute(RemoteWebDriver.java:586)
	at io.appium.java_client.DefaultGenericMobileDriver.execute(DefaultGenericMobileDriver.java:42)
	at io.appium.java_client.AppiumDriver.execute(AppiumDriver.java:1)
	at io.appium.java_client.android.AndroidDriver.execute(AndroidDriver.java:1)
	at org.openqa.selenium.remote.RemoteWebDriver.findElement(RemoteWebDriver.java:356)
	at org.openqa.selenium.remote.RemoteWebDriver.findElementByXPath(RemoteWebDriver.java:458)
	at io.appium.java_client.DefaultGenericMobileDriver.findElementByXPath(DefaultGenericMobileDriver.java:132)
	at io.appium.java_client.AppiumDriver.findElementByXPath(AppiumDriver.java:1)
	at io.appium.java_client.android.AndroidDriver.findElementByXPath(AndroidDriver.java:1)
	at org.openqa.selenium.By$ByXPath.findElement(By.java:361)
	at org.openqa.selenium.remote.RemoteWebDriver.findElement(RemoteWebDriver.java:348)
	at io.appium.java_client.DefaultGenericMobileDriver.findElement(DefaultGenericMobileDriver.java:52)
	at io.appium.java_client.AppiumDriver.findElement(AppiumDriver.java:1)
	at io.appium.java_client.android.AndroidDriver.findElement(AndroidDriver.java:1)
	at main.java.com.metrobank.mobile.MBM.DashBoard.DashBoard.clickLogoutBtnDashboard(DashBoard.java:107)
	at main.java.com.metrobank.mobile.MBM.TestCase.Login.Login_TCID_01_63.connectionMobile(Login_TCID_01_63.java:71)
... Removed 29 stack frames]]>
    </failure>
  </testcase> <!-- connectionMobile -->
  <testcase name="connectionMobile" time="48.089" classname="main.java.com.metrobank.mobile.MBM.TestCase.Login.Logout_TCID_01_01">
    <failure type="org.openqa.selenium.NoSuchElementException" message="An element could not be located on the page using the given search parameters.
For documentation on this error, please visit: http://seleniumhq.org/exceptions/no_such_element.html
Build info: version: &amp;apos;3.6.0&amp;apos;, revision: &amp;apos;6fbf3ec767&amp;apos;, time: &amp;apos;2017-09-27T16:15:26.402Z&amp;apos;
System info: host: &amp;apos;LAPTOP-KU6KAF8K&amp;apos;, ip: &amp;apos;192.168.254.103&amp;apos;, os.name: &amp;apos;Windows 10&amp;apos;, os.arch: &amp;apos;x86&amp;apos;, os.version: &amp;apos;10.0&amp;apos;, java.version: &amp;apos;1.8.0_241&amp;apos;
Driver info: io.appium.java_client.android.AndroidDriver
Capabilities [{appPackage=ph.com.metrobank.mcc.mbonline, statBarHeight=50, noReset=true, viewportRect={top=50, left=0, width=720, height=1134}, deviceName=AVY9K17318900447, platform=LINUX, deviceUDID=AVY9K17318900447, desired={appPackage=ph.com.metrobank.mcc.mbonline, appActivity=ph.com.metrobank.mcc.mbm.MainActivity, noReset=true, noSign=true, platformVersion=5.1, automationName=UiAutomator2, platformName=Android, udid=AVY9K17318900447, deviceName=HUAWEI TIT-AL00}, platformVersion=5.1, webStorageEnabled=false, automationName=UiAutomator2, takesScreenshot=true, javascriptEnabled=true, udid=AVY9K17318900447, deviceApiLevel=22, deviceManufacturer=HUAWEI, platformName=LINUX, deviceScreenSize=720x1280, networkConnectionEnabled=true, noSign=true, warnings={}, databaseEnabled=false, appActivity=ph.com.metrobank.mcc.mbm.MainActivity, pixelRatio=2, locationContextEnabled=false, deviceScreenDensity=320, deviceModel=HUAWEI TIT-AL00}]
Session ID: 03e6c85a-90d5-4ace-aadb-b89dce4f372f
*** Element info: {Using=xpath, value=//*[@text=&amp;quot;You have successfully logged out.&amp;quot;]}">
      <![CDATA[org.openqa.selenium.NoSuchElementException: An element could not be located on the page using the given search parameters.
For documentation on this error, please visit: http://seleniumhq.org/exceptions/no_such_element.html
Build info: version: '3.6.0', revision: '6fbf3ec767', time: '2017-09-27T16:15:26.402Z'
System info: host: 'LAPTOP-KU6KAF8K', ip: '192.168.254.103', os.name: 'Windows 10', os.arch: 'x86', os.version: '10.0', java.version: '1.8.0_241'
Driver info: io.appium.java_client.android.AndroidDriver
Capabilities [{appPackage=ph.com.metrobank.mcc.mbonline, statBarHeight=50, noReset=true, viewportRect={top=50, left=0, width=720, height=1134}, deviceName=AVY9K17318900447, platform=LINUX, deviceUDID=AVY9K17318900447, desired={appPackage=ph.com.metrobank.mcc.mbonline, appActivity=ph.com.metrobank.mcc.mbm.MainActivity, noReset=true, noSign=true, platformVersion=5.1, automationName=UiAutomator2, platformName=Android, udid=AVY9K17318900447, deviceName=HUAWEI TIT-AL00}, platformVersion=5.1, webStorageEnabled=false, automationName=UiAutomator2, takesScreenshot=true, javascriptEnabled=true, udid=AVY9K17318900447, deviceApiLevel=22, deviceManufacturer=HUAWEI, platformName=LINUX, deviceScreenSize=720x1280, networkConnectionEnabled=true, noSign=true, warnings={}, databaseEnabled=false, appActivity=ph.com.metrobank.mcc.mbm.MainActivity, pixelRatio=2, locationContextEnabled=false, deviceScreenDensity=320, deviceModel=HUAWEI TIT-AL00}]
Session ID: 03e6c85a-90d5-4ace-aadb-b89dce4f372f
*** Element info: {Using=xpath, value=//*[@text="You have successfully logged out."]}
	at org.openqa.selenium.remote.http.W3CHttpResponseCodec.createException(W3CHttpResponseCodec.java:185)
	at org.openqa.selenium.remote.http.W3CHttpResponseCodec.decode(W3CHttpResponseCodec.java:120)
	at org.openqa.selenium.remote.http.W3CHttpResponseCodec.decode(W3CHttpResponseCodec.java:49)
	at org.openqa.selenium.remote.HttpCommandExecutor.execute(HttpCommandExecutor.java:164)
	at io.appium.java_client.remote.AppiumCommandExecutor.execute(AppiumCommandExecutor.java:67)
	at org.openqa.selenium.remote.RemoteWebDriver.execute(RemoteWebDriver.java:586)
	at io.appium.java_client.DefaultGenericMobileDriver.execute(DefaultGenericMobileDriver.java:42)
	at io.appium.java_client.AppiumDriver.execute(AppiumDriver.java:1)
	at io.appium.java_client.android.AndroidDriver.execute(AndroidDriver.java:1)
	at org.openqa.selenium.remote.RemoteWebDriver.findElement(RemoteWebDriver.java:356)
	at org.openqa.selenium.remote.RemoteWebDriver.findElementByXPath(RemoteWebDriver.java:458)
	at io.appium.java_client.DefaultGenericMobileDriver.findElementByXPath(DefaultGenericMobileDriver.java:132)
	at io.appium.java_client.AppiumDriver.findElementByXPath(AppiumDriver.java:1)
	at io.appium.java_client.android.AndroidDriver.findElementByXPath(AndroidDriver.java:1)
	at org.openqa.selenium.By$ByXPath.findElement(By.java:361)
	at org.openqa.selenium.remote.RemoteWebDriver.findElement(RemoteWebDriver.java:348)
	at io.appium.java_client.DefaultGenericMobileDriver.findElement(DefaultGenericMobileDriver.java:52)
	at io.appium.java_client.AppiumDriver.findElement(AppiumDriver.java:1)
	at io.appium.java_client.android.AndroidDriver.findElement(AndroidDriver.java:1)
	at main.java.com.metrobank.mobile.MBM.TestCase.Login.Logout_TCID_01_01.connectionMobile(Logout_TCID_01_01.java:84)
... Removed 29 stack frames]]>
    </failure>
  </testcase> <!-- connectionMobile -->
  <testcase name="connectionMobile" time="314.392" classname="main.java.com.metrobank.mobile.MBM.TestCase.Login.Logout_TCID_01_03">
    <failure type="org.openqa.selenium.NoSuchElementException" message="An element could not be located on the page using the given search parameters.
For documentation on this error, please visit: http://seleniumhq.org/exceptions/no_such_element.html
Build info: version: &amp;apos;3.6.0&amp;apos;, revision: &amp;apos;6fbf3ec767&amp;apos;, time: &amp;apos;2017-09-27T16:15:26.402Z&amp;apos;
System info: host: &amp;apos;LAPTOP-KU6KAF8K&amp;apos;, ip: &amp;apos;192.168.254.103&amp;apos;, os.name: &amp;apos;Windows 10&amp;apos;, os.arch: &amp;apos;x86&amp;apos;, os.version: &amp;apos;10.0&amp;apos;, java.version: &amp;apos;1.8.0_241&amp;apos;
Driver info: io.appium.java_client.android.AndroidDriver
Capabilities [{appPackage=ph.com.metrobank.mcc.mbonline, statBarHeight=50, noReset=true, viewportRect={top=50, left=0, width=720, height=1134}, deviceName=AVY9K17318900447, platform=LINUX, deviceUDID=AVY9K17318900447, desired={appPackage=ph.com.metrobank.mcc.mbonline, appActivity=ph.com.metrobank.mcc.mbm.MainActivity, noReset=true, noSign=true, platformVersion=5.1, automationName=UiAutomator2, platformName=Android, udid=AVY9K17318900447, deviceName=HUAWEI TIT-AL00}, platformVersion=5.1, webStorageEnabled=false, automationName=UiAutomator2, takesScreenshot=true, javascriptEnabled=true, udid=AVY9K17318900447, deviceApiLevel=22, deviceManufacturer=HUAWEI, platformName=LINUX, deviceScreenSize=720x1280, networkConnectionEnabled=true, noSign=true, warnings={}, databaseEnabled=false, appActivity=ph.com.metrobank.mcc.mbm.MainActivity, pixelRatio=2, locationContextEnabled=false, deviceScreenDensity=320, deviceModel=HUAWEI TIT-AL00}]
Session ID: 07abd952-83a8-4c45-af4b-9b9f8b8102fd
*** Element info: {Using=xpath, value=//android.widget.FrameLayout[1]/android.widget.LinearLayout[1]/android.widget.FrameLayout[1]/android.widget.LinearLayout[1]/android.widget.FrameLayout[1]/android.widget.FrameLayout[1]/android.view.View[1]/android.view.View[1]/android.view.View[1]/android.view.View[1]/android.view.View[1]/android.view.View[1]/android.view.View[1]/android.view.View[1]/android.view.View[1]/android.view.View[1]/android.view.View[1]/android.view.View[1]/android.widget.TextView[1]}">
      <![CDATA[org.openqa.selenium.NoSuchElementException: An element could not be located on the page using the given search parameters.
For documentation on this error, please visit: http://seleniumhq.org/exceptions/no_such_element.html
Build info: version: '3.6.0', revision: '6fbf3ec767', time: '2017-09-27T16:15:26.402Z'
System info: host: 'LAPTOP-KU6KAF8K', ip: '192.168.254.103', os.name: 'Windows 10', os.arch: 'x86', os.version: '10.0', java.version: '1.8.0_241'
Driver info: io.appium.java_client.android.AndroidDriver
Capabilities [{appPackage=ph.com.metrobank.mcc.mbonline, statBarHeight=50, noReset=true, viewportRect={top=50, left=0, width=720, height=1134}, deviceName=AVY9K17318900447, platform=LINUX, deviceUDID=AVY9K17318900447, desired={appPackage=ph.com.metrobank.mcc.mbonline, appActivity=ph.com.metrobank.mcc.mbm.MainActivity, noReset=true, noSign=true, platformVersion=5.1, automationName=UiAutomator2, platformName=Android, udid=AVY9K17318900447, deviceName=HUAWEI TIT-AL00}, platformVersion=5.1, webStorageEnabled=false, automationName=UiAutomator2, takesScreenshot=true, javascriptEnabled=true, udid=AVY9K17318900447, deviceApiLevel=22, deviceManufacturer=HUAWEI, platformName=LINUX, deviceScreenSize=720x1280, networkConnectionEnabled=true, noSign=true, warnings={}, databaseEnabled=false, appActivity=ph.com.metrobank.mcc.mbm.MainActivity, pixelRatio=2, locationContextEnabled=false, deviceScreenDensity=320, deviceModel=HUAWEI TIT-AL00}]
Session ID: 07abd952-83a8-4c45-af4b-9b9f8b8102fd
*** Element info: {Using=xpath, value=//android.widget.FrameLayout[1]/android.widget.LinearLayout[1]/android.widget.FrameLayout[1]/android.widget.LinearLayout[1]/android.widget.FrameLayout[1]/android.widget.FrameLayout[1]/android.view.View[1]/android.view.View[1]/android.view.View[1]/android.view.View[1]/android.view.View[1]/android.view.View[1]/android.view.View[1]/android.view.View[1]/android.view.View[1]/android.view.View[1]/android.view.View[1]/android.view.View[1]/android.widget.TextView[1]}
	at org.openqa.selenium.remote.http.W3CHttpResponseCodec.createException(W3CHttpResponseCodec.java:185)
	at org.openqa.selenium.remote.http.W3CHttpResponseCodec.decode(W3CHttpResponseCodec.java:120)
	at org.openqa.selenium.remote.http.W3CHttpResponseCodec.decode(W3CHttpResponseCodec.java:49)
	at org.openqa.selenium.remote.HttpCommandExecutor.execute(HttpCommandExecutor.java:164)
	at io.appium.java_client.remote.AppiumCommandExecutor.execute(AppiumCommandExecutor.java:67)
	at org.openqa.selenium.remote.RemoteWebDriver.execute(RemoteWebDriver.java:586)
	at io.appium.java_client.DefaultGenericMobileDriver.execute(DefaultGenericMobileDriver.java:42)
	at io.appium.java_client.AppiumDriver.execute(AppiumDriver.java:1)
	at io.appium.java_client.android.AndroidDriver.execute(AndroidDriver.java:1)
	at org.openqa.selenium.remote.RemoteWebDriver.findElement(RemoteWebDriver.java:356)
	at org.openqa.selenium.remote.RemoteWebDriver.findElementByXPath(RemoteWebDriver.java:458)
	at io.appium.java_client.DefaultGenericMobileDriver.findElementByXPath(DefaultGenericMobileDriver.java:132)
	at io.appium.java_client.AppiumDriver.findElementByXPath(AppiumDriver.java:1)
	at io.appium.java_client.android.AndroidDriver.findElementByXPath(AndroidDriver.java:1)
	at org.openqa.selenium.By$ByXPath.findElement(By.java:361)
	at org.openqa.selenium.remote.RemoteWebDriver.findElement(RemoteWebDriver.java:348)
	at io.appium.java_client.DefaultGenericMobileDriver.findElement(DefaultGenericMobileDriver.java:52)
	at io.appium.java_client.AppiumDriver.findElement(AppiumDriver.java:1)
	at io.appium.java_client.android.AndroidDriver.findElement(AndroidDriver.java:1)
	at main.java.com.metrobank.mobile.MBM.TestCase.Login.Logout_TCID_01_03.connectionMobile(Logout_TCID_01_03.java:109)
... Removed 28 stack frames]]>
    </failure>
  </testcase> <!-- connectionMobile -->
  <testcase name="DashBoardViewPrepaidAccountOnly0102" time="65.364" classname="main.java.com.metrobank.mobile.MBM.TestCase.Dashboard.Dashboard_0103">
    <failure type="org.openqa.selenium.NoSuchElementException" message="An element could not be located on the page using the given search parameters.
For documentation on this error, please visit: http://seleniumhq.org/exceptions/no_such_element.html
Build info: version: &amp;apos;3.6.0&amp;apos;, revision: &amp;apos;6fbf3ec767&amp;apos;, time: &amp;apos;2017-09-27T16:15:26.402Z&amp;apos;
System info: host: &amp;apos;LAPTOP-KU6KAF8K&amp;apos;, ip: &amp;apos;192.168.254.103&amp;apos;, os.name: &amp;apos;Windows 10&amp;apos;, os.arch: &amp;apos;x86&amp;apos;, os.version: &amp;apos;10.0&amp;apos;, java.version: &amp;apos;1.8.0_241&amp;apos;
Driver info: io.appium.java_client.android.AndroidDriver
Capabilities [{appPackage=ph.com.metrobank.mcc.mbonline, statBarHeight=50, noReset=true, viewportRect={top=50, left=0, width=720, height=1134}, deviceName=AVY9K17318900447, platform=LINUX, deviceUDID=AVY9K17318900447, desired={appPackage=ph.com.metrobank.mcc.mbonline, appActivity=ph.com.metrobank.mcc.mbm.MainActivity, noReset=true, noSign=true, platformVersion=5.1, automationName=UiAutomator2, platformName=Android, udid=AVY9K17318900447, deviceName=HUAWEI TIT-AL00}, platformVersion=5.1, webStorageEnabled=false, automationName=UiAutomator2, takesScreenshot=true, javascriptEnabled=true, udid=AVY9K17318900447, deviceApiLevel=22, deviceManufacturer=HUAWEI, platformName=LINUX, deviceScreenSize=720x1280, networkConnectionEnabled=true, noSign=true, warnings={}, databaseEnabled=false, appActivity=ph.com.metrobank.mcc.mbm.MainActivity, pixelRatio=2, locationContextEnabled=false, deviceScreenDensity=320, deviceModel=HUAWEI TIT-AL00}]
Session ID: c2a68b5f-aeda-4ed7-869e-cf296bfd9ae4
*** Element info: {Using=xpath, value=//*[@content-desc=&amp;apos;1374AccountNoTestId&amp;apos;]}">
      <![CDATA[org.openqa.selenium.NoSuchElementException: An element could not be located on the page using the given search parameters.
For documentation on this error, please visit: http://seleniumhq.org/exceptions/no_such_element.html
Build info: version: '3.6.0', revision: '6fbf3ec767', time: '2017-09-27T16:15:26.402Z'
System info: host: 'LAPTOP-KU6KAF8K', ip: '192.168.254.103', os.name: 'Windows 10', os.arch: 'x86', os.version: '10.0', java.version: '1.8.0_241'
Driver info: io.appium.java_client.android.AndroidDriver
Capabilities [{appPackage=ph.com.metrobank.mcc.mbonline, statBarHeight=50, noReset=true, viewportRect={top=50, left=0, width=720, height=1134}, deviceName=AVY9K17318900447, platform=LINUX, deviceUDID=AVY9K17318900447, desired={appPackage=ph.com.metrobank.mcc.mbonline, appActivity=ph.com.metrobank.mcc.mbm.MainActivity, noReset=true, noSign=true, platformVersion=5.1, automationName=UiAutomator2, platformName=Android, udid=AVY9K17318900447, deviceName=HUAWEI TIT-AL00}, platformVersion=5.1, webStorageEnabled=false, automationName=UiAutomator2, takesScreenshot=true, javascriptEnabled=true, udid=AVY9K17318900447, deviceApiLevel=22, deviceManufacturer=HUAWEI, platformName=LINUX, deviceScreenSize=720x1280, networkConnectionEnabled=true, noSign=true, warnings={}, databaseEnabled=false, appActivity=ph.com.metrobank.mcc.mbm.MainActivity, pixelRatio=2, locationContextEnabled=false, deviceScreenDensity=320, deviceModel=HUAWEI TIT-AL00}]
Session ID: c2a68b5f-aeda-4ed7-869e-cf296bfd9ae4
*** Element info: {Using=xpath, value=//*[@content-desc='1374AccountNoTestId']}
	at org.openqa.selenium.remote.http.W3CHttpResponseCodec.createException(W3CHttpResponseCodec.java:185)
	at org.openqa.selenium.remote.http.W3CHttpResponseCodec.decode(W3CHttpResponseCodec.java:120)
	at org.openqa.selenium.remote.http.W3CHttpResponseCodec.decode(W3CHttpResponseCodec.java:49)
	at org.openqa.selenium.remote.HttpCommandExecutor.execute(HttpCommandExecutor.java:164)
	at io.appium.java_client.remote.AppiumCommandExecutor.execute(AppiumCommandExecutor.java:67)
	at org.openqa.selenium.remote.RemoteWebDriver.execute(RemoteWebDriver.java:586)
	at io.appium.java_client.DefaultGenericMobileDriver.execute(DefaultGenericMobileDriver.java:42)
	at io.appium.java_client.AppiumDriver.execute(AppiumDriver.java:1)
	at io.appium.java_client.android.AndroidDriver.execute(AndroidDriver.java:1)
	at org.openqa.selenium.remote.RemoteWebDriver.findElement(RemoteWebDriver.java:356)
	at org.openqa.selenium.remote.RemoteWebDriver.findElementByXPath(RemoteWebDriver.java:458)
	at io.appium.java_client.DefaultGenericMobileDriver.findElementByXPath(DefaultGenericMobileDriver.java:132)
	at io.appium.java_client.AppiumDriver.findElementByXPath(AppiumDriver.java:1)
	at io.appium.java_client.android.AndroidDriver.findElementByXPath(AndroidDriver.java:1)
	at org.openqa.selenium.By$ByXPath.findElement(By.java:361)
	at org.openqa.selenium.remote.RemoteWebDriver.findElement(RemoteWebDriver.java:348)
	at io.appium.java_client.DefaultGenericMobileDriver.findElement(DefaultGenericMobileDriver.java:52)
	at io.appium.java_client.AppiumDriver.findElement(AppiumDriver.java:1)
	at io.appium.java_client.android.AndroidDriver.findElement(AndroidDriver.java:1)
	at main.java.com.metrobank.mobile.MBM.DashBoard.DashBoard.getDepositaccountDashBoard(DashBoard.java:132)
	at main.java.com.metrobank.mobile.MBM.TestCase.Dashboard.Dashboard_0103.DashBoardViewPrepaidAccountOnly0102(Dashboard_0103.java:83)
... Removed 29 stack frames]]>
    </failure>
  </testcase> <!-- DashBoardViewPrepaidAccountOnly0102 -->
  <testcase name="ViewingMainOptionNavigationBar0119" time="73.026" classname="main.java.com.metrobank.mobile.MBM.TestCase.Dashboard.Dashboard_0119"/>
  <testcase name="ValidationCustomizeDashboard0124" time="84.362" classname="main.java.com.metrobank.mobile.MBM.TestCase.Dashboard.Dashboard_0124_0125"/>
  <testcase name="ValidationCustomizeDashboard0126" time="129.238" classname="main.java.com.metrobank.mobile.MBM.TestCase.Dashboard.Dashboard_0126"/>
  <testcase name="ViewingofDepositWidget" time="60.606" classname="main.java.com.metrobank.mobile.MBM.TestCase.Dashboard.Dashboard_0129"/>
  <testcase name="UpdatingShortCutWidget" time="91.936" classname="main.java.com.metrobank.mobile.MBM.TestCase.Dashboard.Dashboard_0136"/>
  <testcase name="RemovingWidgetShortcut0138" time="71.137" classname="main.java.com.metrobank.mobile.MBM.TestCase.Dashboard.Dashboard_0138"/>
  <testcase name="RemovingOfActivityLogWidget" time="78.051" classname="main.java.com.metrobank.mobile.MBM.TestCase.Dashboard.Dashboard_0142"/>
</testsuite> <!-- SanityTest -->
