<?xml version="1.0" encoding="UTF-8"?>
<!-- Generated by org.testng.reporters.JUnitXMLReporter -->
<testsuite hostname="LAPTOP-KU6KAF8K" name="Sprint1" tests="34" failures="15" timestamp="28 Oct 2020 07:30:45 GMT" time="3396.962" errors="0">
  <testcase name="connectionMobile" time="48.09" classname="main.java.com.metrobank.mobile.MBM.TestCase.Login.Login_TCID_01_01">
    <failure type="org.openqa.selenium.NoSuchElementException" message="An element could not be located on the page using the given search parameters.
For documentation on this error, please visit: http://seleniumhq.org/exceptions/no_such_element.html
Build info: version: &amp;apos;3.6.0&amp;apos;, revision: &amp;apos;6fbf3ec767&amp;apos;, time: &amp;apos;2017-09-27T16:15:26.402Z&amp;apos;
System info: host: &amp;apos;LAPTOP-KU6KAF8K&amp;apos;, ip: &amp;apos;192.168.254.103&amp;apos;, os.name: &amp;apos;Windows 10&amp;apos;, os.arch: &amp;apos;x86&amp;apos;, os.version: &amp;apos;10.0&amp;apos;, java.version: &amp;apos;1.8.0_241&amp;apos;
Driver info: io.appium.java_client.android.AndroidDriver
Capabilities [{appPackage=ph.com.metrobank.mcc.mbonline, statBarHeight=50, noReset=true, viewportRect={top=50, left=0, width=720, height=1134}, deviceName=AVY9K17318900447, platform=LINUX, deviceUDID=AVY9K17318900447, desired={appPackage=ph.com.metrobank.mcc.mbonline, appActivity=ph.com.metrobank.mcc.mbm.MainActivity, noReset=true, noSign=true, platformVersion=5.1, automationName=UiAutomator2, platformName=Android, udid=AVY9K17318900447, deviceName=HUAWEI TIT-AL00}, platformVersion=5.1, webStorageEnabled=false, automationName=UiAutomator2, takesScreenshot=true, javascriptEnabled=true, udid=AVY9K17318900447, deviceApiLevel=22, deviceManufacturer=HUAWEI, platformName=LINUX, deviceScreenSize=720x1280, networkConnectionEnabled=true, noSign=true, warnings={}, databaseEnabled=false, appActivity=ph.com.metrobank.mcc.mbm.MainActivity, pixelRatio=2, locationContextEnabled=false, deviceScreenDensity=320, deviceModel=HUAWEI TIT-AL00}]
Session ID: b17f6e3c-07a2-46de-9653-fb3d3d0c8408
*** Element info: {Using=xpath, value=//*[@content-desc=&amp;apos;11007AccountNoTestId&amp;apos;]}">
      <![CDATA[org.openqa.selenium.NoSuchElementException: An element could not be located on the page using the given search parameters.
For documentation on this error, please visit: http://seleniumhq.org/exceptions/no_such_element.html
Build info: version: '3.6.0', revision: '6fbf3ec767', time: '2017-09-27T16:15:26.402Z'
System info: host: 'LAPTOP-KU6KAF8K', ip: '192.168.254.103', os.name: 'Windows 10', os.arch: 'x86', os.version: '10.0', java.version: '1.8.0_241'
Driver info: io.appium.java_client.android.AndroidDriver
Capabilities [{appPackage=ph.com.metrobank.mcc.mbonline, statBarHeight=50, noReset=true, viewportRect={top=50, left=0, width=720, height=1134}, deviceName=AVY9K17318900447, platform=LINUX, deviceUDID=AVY9K17318900447, desired={appPackage=ph.com.metrobank.mcc.mbonline, appActivity=ph.com.metrobank.mcc.mbm.MainActivity, noReset=true, noSign=true, platformVersion=5.1, automationName=UiAutomator2, platformName=Android, udid=AVY9K17318900447, deviceName=HUAWEI TIT-AL00}, platformVersion=5.1, webStorageEnabled=false, automationName=UiAutomator2, takesScreenshot=true, javascriptEnabled=true, udid=AVY9K17318900447, deviceApiLevel=22, deviceManufacturer=HUAWEI, platformName=LINUX, deviceScreenSize=720x1280, networkConnectionEnabled=true, noSign=true, warnings={}, databaseEnabled=false, appActivity=ph.com.metrobank.mcc.mbm.MainActivity, pixelRatio=2, locationContextEnabled=false, deviceScreenDensity=320, deviceModel=HUAWEI TIT-AL00}]
Session ID: b17f6e3c-07a2-46de-9653-fb3d3d0c8408
*** Element info: {Using=xpath, value=//*[@content-desc='11007AccountNoTestId']}
	at org.openqa.selenium.remote.http.W3CHttpResponseCodec.createException(W3CHttpResponseCodec.java:185)
	at org.openqa.selenium.remote.http.W3CHttpResponseCodec.decode(W3CHttpResponseCodec.java:120)
	at org.openqa.selenium.remote.http.W3CHttpResponseCodec.decode(W3CHttpResponseCodec.java:49)
	at org.openqa.selenium.remote.HttpCommandExecutor.execute(HttpCommandExecutor.java:164)
	at io.appium.java_client.remote.AppiumCommandExecutor.execute(AppiumCommandExecutor.java:67)
	at org.openqa.selenium.remote.RemoteWebDriver.execute(RemoteWebDriver.java:586)
	at io.appium.java_client.DefaultGenericMobileDriver.execute(DefaultGenericMobileDriver.java:42)
	at io.appium.java_client.AppiumDriver.execute(AppiumDriver.java:1)
	at io.appium.java_client.android.AndroidDriver.execute(AndroidDriver.java:1)
	at org.openqa.selenium.remote.RemoteWebDriver.findElement(RemoteWebDriver.java:356)
	at org.openqa.selenium.remote.RemoteWebDriver.findElementByXPath(RemoteWebDriver.java:458)
	at io.appium.java_client.DefaultGenericMobileDriver.findElementByXPath(DefaultGenericMobileDriver.java:132)
	at io.appium.java_client.AppiumDriver.findElementByXPath(AppiumDriver.java:1)
	at io.appium.java_client.android.AndroidDriver.findElementByXPath(AndroidDriver.java:1)
	at org.openqa.selenium.By$ByXPath.findElement(By.java:361)
	at org.openqa.selenium.remote.RemoteWebDriver.findElement(RemoteWebDriver.java:348)
	at io.appium.java_client.DefaultGenericMobileDriver.findElement(DefaultGenericMobileDriver.java:52)
	at io.appium.java_client.AppiumDriver.findElement(AppiumDriver.java:1)
	at io.appium.java_client.android.AndroidDriver.findElement(AndroidDriver.java:1)
	at main.java.com.metrobank.mobile.MBM.DashBoard.DashBoard.getPrimaryAccountNumber(DashBoard.java:162)
	at main.java.com.metrobank.mobile.MBM.TestCase.Login.Login_TCID_01_01.connectionMobile(Login_TCID_01_01.java:65)
... Removed 29 stack frames]]>
    </failure>
  </testcase> <!-- connectionMobile -->
  <testcase name="connectionMobile" time="40.824" classname="main.java.com.metrobank.mobile.MBM.TestCase.Login.Login_TCID_01_03"/>
  <testcase name="connectionMobile" time="39.192" classname="main.java.com.metrobank.mobile.MBM.TestCase.Login.Login_TCID_01_04"/>
  <testcase name="connectionMobile" time="39.92" classname="main.java.com.metrobank.mobile.MBM.TestCase.Login.Login_TCID_01_05"/>
  <testcase name="connectionMobile" time="39.197" classname="main.java.com.metrobank.mobile.MBM.TestCase.Login.Login_TCID_01_09"/>
  <testcase name="connectionMobile" time="43.511" classname="main.java.com.metrobank.mobile.MBM.TestCase.Login.Login_TCID_01_15">
    <failure type="org.openqa.selenium.NoSuchElementException" message="An element could not be located on the page using the given search parameters.
For documentation on this error, please visit: http://seleniumhq.org/exceptions/no_such_element.html
Build info: version: &amp;apos;3.6.0&amp;apos;, revision: &amp;apos;6fbf3ec767&amp;apos;, time: &amp;apos;2017-09-27T16:15:26.402Z&amp;apos;
System info: host: &amp;apos;LAPTOP-KU6KAF8K&amp;apos;, ip: &amp;apos;192.168.254.103&amp;apos;, os.name: &amp;apos;Windows 10&amp;apos;, os.arch: &amp;apos;x86&amp;apos;, os.version: &amp;apos;10.0&amp;apos;, java.version: &amp;apos;1.8.0_241&amp;apos;
Driver info: io.appium.java_client.android.AndroidDriver
Capabilities [{appPackage=ph.com.metrobank.mcc.mbonline, statBarHeight=50, noReset=true, viewportRect={top=50, left=0, width=720, height=1134}, deviceName=AVY9K17318900447, platform=LINUX, deviceUDID=AVY9K17318900447, desired={appPackage=ph.com.metrobank.mcc.mbonline, appActivity=ph.com.metrobank.mcc.mbm.MainActivity, noReset=true, noSign=true, platformVersion=5.1, automationName=UiAutomator2, platformName=Android, udid=AVY9K17318900447, deviceName=HUAWEI TIT-AL00}, platformVersion=5.1, webStorageEnabled=false, automationName=UiAutomator2, takesScreenshot=true, javascriptEnabled=true, udid=AVY9K17318900447, deviceApiLevel=22, deviceManufacturer=HUAWEI, platformName=LINUX, deviceScreenSize=720x1280, networkConnectionEnabled=true, noSign=true, warnings={}, databaseEnabled=false, appActivity=ph.com.metrobank.mcc.mbm.MainActivity, pixelRatio=2, locationContextEnabled=false, deviceScreenDensity=320, deviceModel=HUAWEI TIT-AL00}]
Session ID: 9879be2a-31b8-45ed-8aaf-8e72bd7415a8
*** Element info: {Using=xpath, value=//*[@content-desc=&amp;apos;11007AccountNoTestId&amp;apos;]}">
      <![CDATA[org.openqa.selenium.NoSuchElementException: An element could not be located on the page using the given search parameters.
For documentation on this error, please visit: http://seleniumhq.org/exceptions/no_such_element.html
Build info: version: '3.6.0', revision: '6fbf3ec767', time: '2017-09-27T16:15:26.402Z'
System info: host: 'LAPTOP-KU6KAF8K', ip: '192.168.254.103', os.name: 'Windows 10', os.arch: 'x86', os.version: '10.0', java.version: '1.8.0_241'
Driver info: io.appium.java_client.android.AndroidDriver
Capabilities [{appPackage=ph.com.metrobank.mcc.mbonline, statBarHeight=50, noReset=true, viewportRect={top=50, left=0, width=720, height=1134}, deviceName=AVY9K17318900447, platform=LINUX, deviceUDID=AVY9K17318900447, desired={appPackage=ph.com.metrobank.mcc.mbonline, appActivity=ph.com.metrobank.mcc.mbm.MainActivity, noReset=true, noSign=true, platformVersion=5.1, automationName=UiAutomator2, platformName=Android, udid=AVY9K17318900447, deviceName=HUAWEI TIT-AL00}, platformVersion=5.1, webStorageEnabled=false, automationName=UiAutomator2, takesScreenshot=true, javascriptEnabled=true, udid=AVY9K17318900447, deviceApiLevel=22, deviceManufacturer=HUAWEI, platformName=LINUX, deviceScreenSize=720x1280, networkConnectionEnabled=true, noSign=true, warnings={}, databaseEnabled=false, appActivity=ph.com.metrobank.mcc.mbm.MainActivity, pixelRatio=2, locationContextEnabled=false, deviceScreenDensity=320, deviceModel=HUAWEI TIT-AL00}]
Session ID: 9879be2a-31b8-45ed-8aaf-8e72bd7415a8
*** Element info: {Using=xpath, value=//*[@content-desc='11007AccountNoTestId']}
	at org.openqa.selenium.remote.http.W3CHttpResponseCodec.createException(W3CHttpResponseCodec.java:185)
	at org.openqa.selenium.remote.http.W3CHttpResponseCodec.decode(W3CHttpResponseCodec.java:120)
	at org.openqa.selenium.remote.http.W3CHttpResponseCodec.decode(W3CHttpResponseCodec.java:49)
	at org.openqa.selenium.remote.HttpCommandExecutor.execute(HttpCommandExecutor.java:164)
	at io.appium.java_client.remote.AppiumCommandExecutor.execute(AppiumCommandExecutor.java:67)
	at org.openqa.selenium.remote.RemoteWebDriver.execute(RemoteWebDriver.java:586)
	at io.appium.java_client.DefaultGenericMobileDriver.execute(DefaultGenericMobileDriver.java:42)
	at io.appium.java_client.AppiumDriver.execute(AppiumDriver.java:1)
	at io.appium.java_client.android.AndroidDriver.execute(AndroidDriver.java:1)
	at org.openqa.selenium.remote.RemoteWebDriver.findElement(RemoteWebDriver.java:356)
	at org.openqa.selenium.remote.RemoteWebDriver.findElementByXPath(RemoteWebDriver.java:458)
	at io.appium.java_client.DefaultGenericMobileDriver.findElementByXPath(DefaultGenericMobileDriver.java:132)
	at io.appium.java_client.AppiumDriver.findElementByXPath(AppiumDriver.java:1)
	at io.appium.java_client.android.AndroidDriver.findElementByXPath(AndroidDriver.java:1)
	at org.openqa.selenium.By$ByXPath.findElement(By.java:361)
	at org.openqa.selenium.remote.RemoteWebDriver.findElement(RemoteWebDriver.java:348)
	at io.appium.java_client.DefaultGenericMobileDriver.findElement(DefaultGenericMobileDriver.java:52)
	at io.appium.java_client.AppiumDriver.findElement(AppiumDriver.java:1)
	at io.appium.java_client.android.AndroidDriver.findElement(AndroidDriver.java:1)
	at main.java.com.metrobank.mobile.MBM.DashBoard.DashBoard.getPrimaryAccountNumber(DashBoard.java:162)
	at main.java.com.metrobank.mobile.MBM.TestCase.Login.Login_TCID_01_15.connectionMobile(Login_TCID_01_15.java:65)
... Removed 29 stack frames]]>
    </failure>
  </testcase> <!-- connectionMobile -->
  <testcase name="connectionMobile" time="61.173" classname="main.java.com.metrobank.mobile.MBM.TestCase.Login.Login_TCID_01_16"/>
  <testcase name="connectionMobile" time="127.398" classname="main.java.com.metrobank.mobile.MBM.TestCase.Login.Login_TCID_01_63"/>
  <testcase name="connectionMobile" time="46.112" classname="main.java.com.metrobank.mobile.MBM.TestCase.Login.Logout_TCID_01_01">
    <failure type="org.openqa.selenium.NoSuchElementException" message="An element could not be located on the page using the given search parameters.
For documentation on this error, please visit: http://seleniumhq.org/exceptions/no_such_element.html
Build info: version: &amp;apos;3.6.0&amp;apos;, revision: &amp;apos;6fbf3ec767&amp;apos;, time: &amp;apos;2017-09-27T16:15:26.402Z&amp;apos;
System info: host: &amp;apos;LAPTOP-KU6KAF8K&amp;apos;, ip: &amp;apos;192.168.254.103&amp;apos;, os.name: &amp;apos;Windows 10&amp;apos;, os.arch: &amp;apos;x86&amp;apos;, os.version: &amp;apos;10.0&amp;apos;, java.version: &amp;apos;1.8.0_241&amp;apos;
Driver info: io.appium.java_client.android.AndroidDriver
Capabilities [{appPackage=ph.com.metrobank.mcc.mbonline, statBarHeight=50, noReset=true, viewportRect={top=50, left=0, width=720, height=1134}, deviceName=AVY9K17318900447, platform=LINUX, deviceUDID=AVY9K17318900447, desired={appPackage=ph.com.metrobank.mcc.mbonline, appActivity=ph.com.metrobank.mcc.mbm.MainActivity, noReset=true, noSign=true, platformVersion=5.1, automationName=UiAutomator2, platformName=Android, udid=AVY9K17318900447, deviceName=HUAWEI TIT-AL00}, platformVersion=5.1, webStorageEnabled=false, automationName=UiAutomator2, takesScreenshot=true, javascriptEnabled=true, udid=AVY9K17318900447, deviceApiLevel=22, deviceManufacturer=HUAWEI, platformName=LINUX, deviceScreenSize=720x1280, networkConnectionEnabled=true, noSign=true, warnings={}, databaseEnabled=false, appActivity=ph.com.metrobank.mcc.mbm.MainActivity, pixelRatio=2, locationContextEnabled=false, deviceScreenDensity=320, deviceModel=HUAWEI TIT-AL00}]
Session ID: 2b1eec8f-64b4-499d-a08b-f53e0d5a2619
*** Element info: {Using=xpath, value=//*[@text=&amp;quot;You have successfully logged out.&amp;quot;]}">
      <![CDATA[org.openqa.selenium.NoSuchElementException: An element could not be located on the page using the given search parameters.
For documentation on this error, please visit: http://seleniumhq.org/exceptions/no_such_element.html
Build info: version: '3.6.0', revision: '6fbf3ec767', time: '2017-09-27T16:15:26.402Z'
System info: host: 'LAPTOP-KU6KAF8K', ip: '192.168.254.103', os.name: 'Windows 10', os.arch: 'x86', os.version: '10.0', java.version: '1.8.0_241'
Driver info: io.appium.java_client.android.AndroidDriver
Capabilities [{appPackage=ph.com.metrobank.mcc.mbonline, statBarHeight=50, noReset=true, viewportRect={top=50, left=0, width=720, height=1134}, deviceName=AVY9K17318900447, platform=LINUX, deviceUDID=AVY9K17318900447, desired={appPackage=ph.com.metrobank.mcc.mbonline, appActivity=ph.com.metrobank.mcc.mbm.MainActivity, noReset=true, noSign=true, platformVersion=5.1, automationName=UiAutomator2, platformName=Android, udid=AVY9K17318900447, deviceName=HUAWEI TIT-AL00}, platformVersion=5.1, webStorageEnabled=false, automationName=UiAutomator2, takesScreenshot=true, javascriptEnabled=true, udid=AVY9K17318900447, deviceApiLevel=22, deviceManufacturer=HUAWEI, platformName=LINUX, deviceScreenSize=720x1280, networkConnectionEnabled=true, noSign=true, warnings={}, databaseEnabled=false, appActivity=ph.com.metrobank.mcc.mbm.MainActivity, pixelRatio=2, locationContextEnabled=false, deviceScreenDensity=320, deviceModel=HUAWEI TIT-AL00}]
Session ID: 2b1eec8f-64b4-499d-a08b-f53e0d5a2619
*** Element info: {Using=xpath, value=//*[@text="You have successfully logged out."]}
	at org.openqa.selenium.remote.http.W3CHttpResponseCodec.createException(W3CHttpResponseCodec.java:185)
	at org.openqa.selenium.remote.http.W3CHttpResponseCodec.decode(W3CHttpResponseCodec.java:120)
	at org.openqa.selenium.remote.http.W3CHttpResponseCodec.decode(W3CHttpResponseCodec.java:49)
	at org.openqa.selenium.remote.HttpCommandExecutor.execute(HttpCommandExecutor.java:164)
	at io.appium.java_client.remote.AppiumCommandExecutor.execute(AppiumCommandExecutor.java:67)
	at org.openqa.selenium.remote.RemoteWebDriver.execute(RemoteWebDriver.java:586)
	at io.appium.java_client.DefaultGenericMobileDriver.execute(DefaultGenericMobileDriver.java:42)
	at io.appium.java_client.AppiumDriver.execute(AppiumDriver.java:1)
	at io.appium.java_client.android.AndroidDriver.execute(AndroidDriver.java:1)
	at org.openqa.selenium.remote.RemoteWebDriver.findElement(RemoteWebDriver.java:356)
	at org.openqa.selenium.remote.RemoteWebDriver.findElementByXPath(RemoteWebDriver.java:458)
	at io.appium.java_client.DefaultGenericMobileDriver.findElementByXPath(DefaultGenericMobileDriver.java:132)
	at io.appium.java_client.AppiumDriver.findElementByXPath(AppiumDriver.java:1)
	at io.appium.java_client.android.AndroidDriver.findElementByXPath(AndroidDriver.java:1)
	at org.openqa.selenium.By$ByXPath.findElement(By.java:361)
	at org.openqa.selenium.remote.RemoteWebDriver.findElement(RemoteWebDriver.java:348)
	at io.appium.java_client.DefaultGenericMobileDriver.findElement(DefaultGenericMobileDriver.java:52)
	at io.appium.java_client.AppiumDriver.findElement(AppiumDriver.java:1)
	at io.appium.java_client.android.AndroidDriver.findElement(AndroidDriver.java:1)
	at main.java.com.metrobank.mobile.MBM.TestCase.Login.Logout_TCID_01_01.connectionMobile(Logout_TCID_01_01.java:84)
... Removed 29 stack frames]]>
    </failure>
  </testcase> <!-- connectionMobile -->
  <testcase name="connectionMobile" time="241.953" classname="main.java.com.metrobank.mobile.MBM.TestCase.Login.Logout_TCID_01_02">
    <failure type="org.openqa.selenium.NoSuchElementException" message="An element could not be located on the page using the given search parameters.
For documentation on this error, please visit: http://seleniumhq.org/exceptions/no_such_element.html
Build info: version: &amp;apos;3.6.0&amp;apos;, revision: &amp;apos;6fbf3ec767&amp;apos;, time: &amp;apos;2017-09-27T16:15:26.402Z&amp;apos;
System info: host: &amp;apos;LAPTOP-KU6KAF8K&amp;apos;, ip: &amp;apos;192.168.254.103&amp;apos;, os.name: &amp;apos;Windows 10&amp;apos;, os.arch: &amp;apos;x86&amp;apos;, os.version: &amp;apos;10.0&amp;apos;, java.version: &amp;apos;1.8.0_241&amp;apos;
Driver info: io.appium.java_client.android.AndroidDriver
Capabilities [{appPackage=ph.com.metrobank.mcc.mbonline, statBarHeight=50, noReset=true, viewportRect={top=50, left=0, width=720, height=1134}, deviceName=AVY9K17318900447, platform=LINUX, deviceUDID=AVY9K17318900447, desired={appPackage=ph.com.metrobank.mcc.mbonline, appActivity=ph.com.metrobank.mcc.mbm.MainActivity, noReset=true, noSign=true, platformVersion=5.1, automationName=UiAutomator2, platformName=Android, udid=AVY9K17318900447, deviceName=HUAWEI TIT-AL00}, platformVersion=5.1, webStorageEnabled=false, automationName=UiAutomator2, takesScreenshot=true, javascriptEnabled=true, udid=AVY9K17318900447, deviceApiLevel=22, deviceManufacturer=HUAWEI, platformName=LINUX, deviceScreenSize=720x1280, networkConnectionEnabled=true, noSign=true, warnings={}, databaseEnabled=false, appActivity=ph.com.metrobank.mcc.mbm.MainActivity, pixelRatio=2, locationContextEnabled=false, deviceScreenDensity=320, deviceModel=HUAWEI TIT-AL00}]
Session ID: b0884529-01b4-4b24-9614-381dab1c3057
*** Element info: {Using=xpath, value=//*[@text=&amp;quot;You have successfully logged out.&amp;quot;]}">
      <![CDATA[org.openqa.selenium.NoSuchElementException: An element could not be located on the page using the given search parameters.
For documentation on this error, please visit: http://seleniumhq.org/exceptions/no_such_element.html
Build info: version: '3.6.0', revision: '6fbf3ec767', time: '2017-09-27T16:15:26.402Z'
System info: host: 'LAPTOP-KU6KAF8K', ip: '192.168.254.103', os.name: 'Windows 10', os.arch: 'x86', os.version: '10.0', java.version: '1.8.0_241'
Driver info: io.appium.java_client.android.AndroidDriver
Capabilities [{appPackage=ph.com.metrobank.mcc.mbonline, statBarHeight=50, noReset=true, viewportRect={top=50, left=0, width=720, height=1134}, deviceName=AVY9K17318900447, platform=LINUX, deviceUDID=AVY9K17318900447, desired={appPackage=ph.com.metrobank.mcc.mbonline, appActivity=ph.com.metrobank.mcc.mbm.MainActivity, noReset=true, noSign=true, platformVersion=5.1, automationName=UiAutomator2, platformName=Android, udid=AVY9K17318900447, deviceName=HUAWEI TIT-AL00}, platformVersion=5.1, webStorageEnabled=false, automationName=UiAutomator2, takesScreenshot=true, javascriptEnabled=true, udid=AVY9K17318900447, deviceApiLevel=22, deviceManufacturer=HUAWEI, platformName=LINUX, deviceScreenSize=720x1280, networkConnectionEnabled=true, noSign=true, warnings={}, databaseEnabled=false, appActivity=ph.com.metrobank.mcc.mbm.MainActivity, pixelRatio=2, locationContextEnabled=false, deviceScreenDensity=320, deviceModel=HUAWEI TIT-AL00}]
Session ID: b0884529-01b4-4b24-9614-381dab1c3057
*** Element info: {Using=xpath, value=//*[@text="You have successfully logged out."]}
	at org.openqa.selenium.remote.http.W3CHttpResponseCodec.createException(W3CHttpResponseCodec.java:185)
	at org.openqa.selenium.remote.http.W3CHttpResponseCodec.decode(W3CHttpResponseCodec.java:120)
	at org.openqa.selenium.remote.http.W3CHttpResponseCodec.decode(W3CHttpResponseCodec.java:49)
	at org.openqa.selenium.remote.HttpCommandExecutor.execute(HttpCommandExecutor.java:164)
	at io.appium.java_client.remote.AppiumCommandExecutor.execute(AppiumCommandExecutor.java:67)
	at org.openqa.selenium.remote.RemoteWebDriver.execute(RemoteWebDriver.java:586)
	at io.appium.java_client.DefaultGenericMobileDriver.execute(DefaultGenericMobileDriver.java:42)
	at io.appium.java_client.AppiumDriver.execute(AppiumDriver.java:1)
	at io.appium.java_client.android.AndroidDriver.execute(AndroidDriver.java:1)
	at org.openqa.selenium.remote.RemoteWebDriver.findElement(RemoteWebDriver.java:356)
	at org.openqa.selenium.remote.RemoteWebDriver.findElementByXPath(RemoteWebDriver.java:458)
	at io.appium.java_client.DefaultGenericMobileDriver.findElementByXPath(DefaultGenericMobileDriver.java:132)
	at io.appium.java_client.AppiumDriver.findElementByXPath(AppiumDriver.java:1)
	at io.appium.java_client.android.AndroidDriver.findElementByXPath(AndroidDriver.java:1)
	at org.openqa.selenium.By$ByXPath.findElement(By.java:361)
	at org.openqa.selenium.remote.RemoteWebDriver.findElement(RemoteWebDriver.java:348)
	at io.appium.java_client.DefaultGenericMobileDriver.findElement(DefaultGenericMobileDriver.java:52)
	at io.appium.java_client.AppiumDriver.findElement(AppiumDriver.java:1)
	at io.appium.java_client.android.AndroidDriver.findElement(AndroidDriver.java:1)
	at main.java.com.metrobank.mobile.MBM.TestCase.Login.Logout_TCID_01_02.connectionMobile(Logout_TCID_01_02.java:94)
... Removed 28 stack frames]]>
    </failure>
  </testcase> <!-- connectionMobile -->
  <testcase name="connectionMobile" time="312.793" classname="main.java.com.metrobank.mobile.MBM.TestCase.Login.Logout_TCID_01_03">
    <failure type="org.openqa.selenium.NoSuchElementException" message="An element could not be located on the page using the given search parameters.
For documentation on this error, please visit: http://seleniumhq.org/exceptions/no_such_element.html
Build info: version: &amp;apos;3.6.0&amp;apos;, revision: &amp;apos;6fbf3ec767&amp;apos;, time: &amp;apos;2017-09-27T16:15:26.402Z&amp;apos;
System info: host: &amp;apos;LAPTOP-KU6KAF8K&amp;apos;, ip: &amp;apos;192.168.254.103&amp;apos;, os.name: &amp;apos;Windows 10&amp;apos;, os.arch: &amp;apos;x86&amp;apos;, os.version: &amp;apos;10.0&amp;apos;, java.version: &amp;apos;1.8.0_241&amp;apos;
Driver info: io.appium.java_client.android.AndroidDriver
Capabilities [{appPackage=ph.com.metrobank.mcc.mbonline, statBarHeight=50, noReset=true, viewportRect={top=50, left=0, width=720, height=1134}, deviceName=AVY9K17318900447, platform=LINUX, deviceUDID=AVY9K17318900447, desired={appPackage=ph.com.metrobank.mcc.mbonline, appActivity=ph.com.metrobank.mcc.mbm.MainActivity, noReset=true, noSign=true, platformVersion=5.1, automationName=UiAutomator2, platformName=Android, udid=AVY9K17318900447, deviceName=HUAWEI TIT-AL00}, platformVersion=5.1, webStorageEnabled=false, automationName=UiAutomator2, takesScreenshot=true, javascriptEnabled=true, udid=AVY9K17318900447, deviceApiLevel=22, deviceManufacturer=HUAWEI, platformName=LINUX, deviceScreenSize=720x1280, networkConnectionEnabled=true, noSign=true, warnings={}, databaseEnabled=false, appActivity=ph.com.metrobank.mcc.mbm.MainActivity, pixelRatio=2, locationContextEnabled=false, deviceScreenDensity=320, deviceModel=HUAWEI TIT-AL00}]
Session ID: 07fcb0e5-a47d-438f-9465-13bb9833a2ea
*** Element info: {Using=xpath, value=//android.widget.FrameLayout[1]/android.widget.LinearLayout[1]/android.widget.FrameLayout[1]/android.widget.LinearLayout[1]/android.widget.FrameLayout[1]/android.widget.FrameLayout[1]/android.view.View[1]/android.view.View[1]/android.view.View[1]/android.view.View[1]/android.view.View[1]/android.view.View[1]/android.view.View[1]/android.view.View[1]/android.view.View[1]/android.view.View[1]/android.view.View[1]/android.view.View[1]/android.widget.TextView[1]}">
      <![CDATA[org.openqa.selenium.NoSuchElementException: An element could not be located on the page using the given search parameters.
For documentation on this error, please visit: http://seleniumhq.org/exceptions/no_such_element.html
Build info: version: '3.6.0', revision: '6fbf3ec767', time: '2017-09-27T16:15:26.402Z'
System info: host: 'LAPTOP-KU6KAF8K', ip: '192.168.254.103', os.name: 'Windows 10', os.arch: 'x86', os.version: '10.0', java.version: '1.8.0_241'
Driver info: io.appium.java_client.android.AndroidDriver
Capabilities [{appPackage=ph.com.metrobank.mcc.mbonline, statBarHeight=50, noReset=true, viewportRect={top=50, left=0, width=720, height=1134}, deviceName=AVY9K17318900447, platform=LINUX, deviceUDID=AVY9K17318900447, desired={appPackage=ph.com.metrobank.mcc.mbonline, appActivity=ph.com.metrobank.mcc.mbm.MainActivity, noReset=true, noSign=true, platformVersion=5.1, automationName=UiAutomator2, platformName=Android, udid=AVY9K17318900447, deviceName=HUAWEI TIT-AL00}, platformVersion=5.1, webStorageEnabled=false, automationName=UiAutomator2, takesScreenshot=true, javascriptEnabled=true, udid=AVY9K17318900447, deviceApiLevel=22, deviceManufacturer=HUAWEI, platformName=LINUX, deviceScreenSize=720x1280, networkConnectionEnabled=true, noSign=true, warnings={}, databaseEnabled=false, appActivity=ph.com.metrobank.mcc.mbm.MainActivity, pixelRatio=2, locationContextEnabled=false, deviceScreenDensity=320, deviceModel=HUAWEI TIT-AL00}]
Session ID: 07fcb0e5-a47d-438f-9465-13bb9833a2ea
*** Element info: {Using=xpath, value=//android.widget.FrameLayout[1]/android.widget.LinearLayout[1]/android.widget.FrameLayout[1]/android.widget.LinearLayout[1]/android.widget.FrameLayout[1]/android.widget.FrameLayout[1]/android.view.View[1]/android.view.View[1]/android.view.View[1]/android.view.View[1]/android.view.View[1]/android.view.View[1]/android.view.View[1]/android.view.View[1]/android.view.View[1]/android.view.View[1]/android.view.View[1]/android.view.View[1]/android.widget.TextView[1]}
	at org.openqa.selenium.remote.http.W3CHttpResponseCodec.createException(W3CHttpResponseCodec.java:185)
	at org.openqa.selenium.remote.http.W3CHttpResponseCodec.decode(W3CHttpResponseCodec.java:120)
	at org.openqa.selenium.remote.http.W3CHttpResponseCodec.decode(W3CHttpResponseCodec.java:49)
	at org.openqa.selenium.remote.HttpCommandExecutor.execute(HttpCommandExecutor.java:164)
	at io.appium.java_client.remote.AppiumCommandExecutor.execute(AppiumCommandExecutor.java:67)
	at org.openqa.selenium.remote.RemoteWebDriver.execute(RemoteWebDriver.java:586)
	at io.appium.java_client.DefaultGenericMobileDriver.execute(DefaultGenericMobileDriver.java:42)
	at io.appium.java_client.AppiumDriver.execute(AppiumDriver.java:1)
	at io.appium.java_client.android.AndroidDriver.execute(AndroidDriver.java:1)
	at org.openqa.selenium.remote.RemoteWebDriver.findElement(RemoteWebDriver.java:356)
	at org.openqa.selenium.remote.RemoteWebDriver.findElementByXPath(RemoteWebDriver.java:458)
	at io.appium.java_client.DefaultGenericMobileDriver.findElementByXPath(DefaultGenericMobileDriver.java:132)
	at io.appium.java_client.AppiumDriver.findElementByXPath(AppiumDriver.java:1)
	at io.appium.java_client.android.AndroidDriver.findElementByXPath(AndroidDriver.java:1)
	at org.openqa.selenium.By$ByXPath.findElement(By.java:361)
	at org.openqa.selenium.remote.RemoteWebDriver.findElement(RemoteWebDriver.java:348)
	at io.appium.java_client.DefaultGenericMobileDriver.findElement(DefaultGenericMobileDriver.java:52)
	at io.appium.java_client.AppiumDriver.findElement(AppiumDriver.java:1)
	at io.appium.java_client.android.AndroidDriver.findElement(AndroidDriver.java:1)
	at main.java.com.metrobank.mobile.MBM.TestCase.Login.Logout_TCID_01_03.connectionMobile(Logout_TCID_01_03.java:109)
... Removed 28 stack frames]]>
    </failure>
  </testcase> <!-- connectionMobile -->
  <testcase name="connectionMobile" time="245.187" classname="main.java.com.metrobank.mobile.MBM.TestCase.Login.Logout_TCID_01_04"/>
  <testcase name="connectionMobile" time="53.66" classname="main.java.com.metrobank.mobile.MBM.TestCase.Login.Logout_TCID_01_05">
    <failure type="org.openqa.selenium.NoSuchElementException" message="An element could not be located on the page using the given search parameters.
For documentation on this error, please visit: http://seleniumhq.org/exceptions/no_such_element.html
Build info: version: &amp;apos;3.6.0&amp;apos;, revision: &amp;apos;6fbf3ec767&amp;apos;, time: &amp;apos;2017-09-27T16:15:26.402Z&amp;apos;
System info: host: &amp;apos;LAPTOP-KU6KAF8K&amp;apos;, ip: &amp;apos;192.168.254.103&amp;apos;, os.name: &amp;apos;Windows 10&amp;apos;, os.arch: &amp;apos;x86&amp;apos;, os.version: &amp;apos;10.0&amp;apos;, java.version: &amp;apos;1.8.0_241&amp;apos;
Driver info: io.appium.java_client.android.AndroidDriver
Capabilities [{appPackage=ph.com.metrobank.mcc.mbonline, statBarHeight=50, noReset=true, viewportRect={top=50, left=0, width=720, height=1134}, deviceName=AVY9K17318900447, platform=LINUX, deviceUDID=AVY9K17318900447, desired={appPackage=ph.com.metrobank.mcc.mbonline, appActivity=ph.com.metrobank.mcc.mbm.MainActivity, noReset=true, noSign=true, platformVersion=5.1, automationName=UiAutomator2, platformName=Android, udid=AVY9K17318900447, deviceName=HUAWEI TIT-AL00}, platformVersion=5.1, webStorageEnabled=false, automationName=UiAutomator2, takesScreenshot=true, javascriptEnabled=true, udid=AVY9K17318900447, deviceApiLevel=22, deviceManufacturer=HUAWEI, platformName=LINUX, deviceScreenSize=720x1280, networkConnectionEnabled=true, noSign=true, warnings={}, databaseEnabled=false, appActivity=ph.com.metrobank.mcc.mbm.MainActivity, pixelRatio=2, locationContextEnabled=false, deviceScreenDensity=320, deviceModel=HUAWEI TIT-AL00}]
Session ID: 481c7d5e-6811-49f8-a497-04fd50f4eaec
*** Element info: {Using=xpath, value=//android.widget.FrameLayout[1]/android.widget.LinearLayout[1]/android.widget.FrameLayout[1]/android.widget.LinearLayout[1]/android.widget.FrameLayout[1]/android.widget.FrameLayout[1]/android.view.View[1]/android.view.View[1]/android.view.View[1]/android.view.View[1]/android.view.View[1]/android.view.View[1]/android.view.View[1]/android.view.View[1]/android.view.View[1]/android.view.View[1]/android.view.View[1]/android.view.View[1]/android.widget.TextView[1]}">
      <![CDATA[org.openqa.selenium.NoSuchElementException: An element could not be located on the page using the given search parameters.
For documentation on this error, please visit: http://seleniumhq.org/exceptions/no_such_element.html
Build info: version: '3.6.0', revision: '6fbf3ec767', time: '2017-09-27T16:15:26.402Z'
System info: host: 'LAPTOP-KU6KAF8K', ip: '192.168.254.103', os.name: 'Windows 10', os.arch: 'x86', os.version: '10.0', java.version: '1.8.0_241'
Driver info: io.appium.java_client.android.AndroidDriver
Capabilities [{appPackage=ph.com.metrobank.mcc.mbonline, statBarHeight=50, noReset=true, viewportRect={top=50, left=0, width=720, height=1134}, deviceName=AVY9K17318900447, platform=LINUX, deviceUDID=AVY9K17318900447, desired={appPackage=ph.com.metrobank.mcc.mbonline, appActivity=ph.com.metrobank.mcc.mbm.MainActivity, noReset=true, noSign=true, platformVersion=5.1, automationName=UiAutomator2, platformName=Android, udid=AVY9K17318900447, deviceName=HUAWEI TIT-AL00}, platformVersion=5.1, webStorageEnabled=false, automationName=UiAutomator2, takesScreenshot=true, javascriptEnabled=true, udid=AVY9K17318900447, deviceApiLevel=22, deviceManufacturer=HUAWEI, platformName=LINUX, deviceScreenSize=720x1280, networkConnectionEnabled=true, noSign=true, warnings={}, databaseEnabled=false, appActivity=ph.com.metrobank.mcc.mbm.MainActivity, pixelRatio=2, locationContextEnabled=false, deviceScreenDensity=320, deviceModel=HUAWEI TIT-AL00}]
Session ID: 481c7d5e-6811-49f8-a497-04fd50f4eaec
*** Element info: {Using=xpath, value=//android.widget.FrameLayout[1]/android.widget.LinearLayout[1]/android.widget.FrameLayout[1]/android.widget.LinearLayout[1]/android.widget.FrameLayout[1]/android.widget.FrameLayout[1]/android.view.View[1]/android.view.View[1]/android.view.View[1]/android.view.View[1]/android.view.View[1]/android.view.View[1]/android.view.View[1]/android.view.View[1]/android.view.View[1]/android.view.View[1]/android.view.View[1]/android.view.View[1]/android.widget.TextView[1]}
	at org.openqa.selenium.remote.http.W3CHttpResponseCodec.createException(W3CHttpResponseCodec.java:185)
	at org.openqa.selenium.remote.http.W3CHttpResponseCodec.decode(W3CHttpResponseCodec.java:120)
	at org.openqa.selenium.remote.http.W3CHttpResponseCodec.decode(W3CHttpResponseCodec.java:49)
	at org.openqa.selenium.remote.HttpCommandExecutor.execute(HttpCommandExecutor.java:164)
	at io.appium.java_client.remote.AppiumCommandExecutor.execute(AppiumCommandExecutor.java:67)
	at org.openqa.selenium.remote.RemoteWebDriver.execute(RemoteWebDriver.java:586)
	at io.appium.java_client.DefaultGenericMobileDriver.execute(DefaultGenericMobileDriver.java:42)
	at io.appium.java_client.AppiumDriver.execute(AppiumDriver.java:1)
	at io.appium.java_client.android.AndroidDriver.execute(AndroidDriver.java:1)
	at org.openqa.selenium.remote.RemoteWebDriver.findElement(RemoteWebDriver.java:356)
	at org.openqa.selenium.remote.RemoteWebDriver.findElementByXPath(RemoteWebDriver.java:458)
	at io.appium.java_client.DefaultGenericMobileDriver.findElementByXPath(DefaultGenericMobileDriver.java:132)
	at io.appium.java_client.AppiumDriver.findElementByXPath(AppiumDriver.java:1)
	at io.appium.java_client.android.AndroidDriver.findElementByXPath(AndroidDriver.java:1)
	at org.openqa.selenium.By$ByXPath.findElement(By.java:361)
	at org.openqa.selenium.remote.RemoteWebDriver.findElement(RemoteWebDriver.java:348)
	at io.appium.java_client.DefaultGenericMobileDriver.findElement(DefaultGenericMobileDriver.java:52)
	at io.appium.java_client.AppiumDriver.findElement(AppiumDriver.java:1)
	at io.appium.java_client.android.AndroidDriver.findElement(AndroidDriver.java:1)
	at main.java.com.metrobank.mobile.MBM.TestCase.Login.Logout_TCID_01_05.connectionMobile(Logout_TCID_01_05.java:78)
... Removed 28 stack frames]]>
    </failure>
  </testcase> <!-- connectionMobile -->
  <testcase name="DashBoardViewDepositAccountOnly0101" time="60.493" classname="main.java.com.metrobank.mobile.MBM.TestCase.Dashboard.DashBoard_0101"/>
  <testcase name="DashBoardViewPrepaidAccountOnly0102" time="260.129" classname="main.java.com.metrobank.mobile.MBM.TestCase.Dashboard.Dashboard_0102"/>
  <testcase name="DashBoardViewPrepaidAccountOnly0102" time="256.157" classname="main.java.com.metrobank.mobile.MBM.TestCase.Dashboard.Dashboard_0103">
    <failure type="org.openqa.selenium.StaleElementReferenceException" message="androidx.test.uiautomator.StaleObjectException
For documentation on this error, please visit: http://seleniumhq.org/exceptions/stale_element_reference.html
Build info: version: &amp;apos;3.6.0&amp;apos;, revision: &amp;apos;6fbf3ec767&amp;apos;, time: &amp;apos;2017-09-27T16:15:26.402Z&amp;apos;
System info: host: &amp;apos;LAPTOP-KU6KAF8K&amp;apos;, ip: &amp;apos;192.168.254.103&amp;apos;, os.name: &amp;apos;Windows 10&amp;apos;, os.arch: &amp;apos;x86&amp;apos;, os.version: &amp;apos;10.0&amp;apos;, java.version: &amp;apos;1.8.0_241&amp;apos;
Driver info: io.appium.java_client.android.AndroidDriver
Capabilities [{appPackage=ph.com.metrobank.mcc.mbonline, statBarHeight=50, noReset=true, viewportRect={top=50, left=0, width=720, height=1134}, deviceName=AVY9K17318900447, platform=LINUX, deviceUDID=AVY9K17318900447, desired={appPackage=ph.com.metrobank.mcc.mbonline, appActivity=ph.com.metrobank.mcc.mbm.MainActivity, noReset=true, noSign=true, platformVersion=5.1, automationName=UiAutomator2, platformName=Android, udid=AVY9K17318900447, deviceName=HUAWEI TIT-AL00}, platformVersion=5.1, webStorageEnabled=false, automationName=UiAutomator2, takesScreenshot=true, javascriptEnabled=true, udid=AVY9K17318900447, deviceApiLevel=22, deviceManufacturer=HUAWEI, platformName=LINUX, deviceScreenSize=720x1280, networkConnectionEnabled=true, noSign=true, warnings={}, databaseEnabled=false, appActivity=ph.com.metrobank.mcc.mbm.MainActivity, pixelRatio=2, locationContextEnabled=false, deviceScreenDensity=320, deviceModel=HUAWEI TIT-AL00}]
Session ID: eb7527e9-8a74-434e-84d1-e748de45c7f7">
      <![CDATA[org.openqa.selenium.StaleElementReferenceException: androidx.test.uiautomator.StaleObjectException
For documentation on this error, please visit: http://seleniumhq.org/exceptions/stale_element_reference.html
Build info: version: '3.6.0', revision: '6fbf3ec767', time: '2017-09-27T16:15:26.402Z'
System info: host: 'LAPTOP-KU6KAF8K', ip: '192.168.254.103', os.name: 'Windows 10', os.arch: 'x86', os.version: '10.0', java.version: '1.8.0_241'
Driver info: io.appium.java_client.android.AndroidDriver
Capabilities [{appPackage=ph.com.metrobank.mcc.mbonline, statBarHeight=50, noReset=true, viewportRect={top=50, left=0, width=720, height=1134}, deviceName=AVY9K17318900447, platform=LINUX, deviceUDID=AVY9K17318900447, desired={appPackage=ph.com.metrobank.mcc.mbonline, appActivity=ph.com.metrobank.mcc.mbm.MainActivity, noReset=true, noSign=true, platformVersion=5.1, automationName=UiAutomator2, platformName=Android, udid=AVY9K17318900447, deviceName=HUAWEI TIT-AL00}, platformVersion=5.1, webStorageEnabled=false, automationName=UiAutomator2, takesScreenshot=true, javascriptEnabled=true, udid=AVY9K17318900447, deviceApiLevel=22, deviceManufacturer=HUAWEI, platformName=LINUX, deviceScreenSize=720x1280, networkConnectionEnabled=true, noSign=true, warnings={}, databaseEnabled=false, appActivity=ph.com.metrobank.mcc.mbm.MainActivity, pixelRatio=2, locationContextEnabled=false, deviceScreenDensity=320, deviceModel=HUAWEI TIT-AL00}]
Session ID: eb7527e9-8a74-434e-84d1-e748de45c7f7
	at org.openqa.selenium.remote.http.W3CHttpResponseCodec.createException(W3CHttpResponseCodec.java:185)
	at org.openqa.selenium.remote.http.W3CHttpResponseCodec.decode(W3CHttpResponseCodec.java:120)
	at org.openqa.selenium.remote.http.W3CHttpResponseCodec.decode(W3CHttpResponseCodec.java:49)
	at org.openqa.selenium.remote.HttpCommandExecutor.execute(HttpCommandExecutor.java:164)
	at io.appium.java_client.remote.AppiumCommandExecutor.execute(AppiumCommandExecutor.java:67)
	at org.openqa.selenium.remote.RemoteWebDriver.execute(RemoteWebDriver.java:586)
	at io.appium.java_client.DefaultGenericMobileDriver.execute(DefaultGenericMobileDriver.java:42)
	at io.appium.java_client.AppiumDriver.execute(AppiumDriver.java:1)
	at io.appium.java_client.android.AndroidDriver.execute(AndroidDriver.java:1)
	at org.openqa.selenium.remote.RemoteWebElement.execute(RemoteWebElement.java:279)
	at io.appium.java_client.DefaultGenericMobileElement.execute(DefaultGenericMobileElement.java:44)
	at io.appium.java_client.MobileElement.execute(MobileElement.java:1)
	at io.appium.java_client.android.AndroidElement.execute(AndroidElement.java:1)
	at org.openqa.selenium.remote.RemoteWebElement.getText(RemoteWebElement.java:160)
	at main.java.com.metrobank.mobile.MBM.DashBoard.DashBoard.navigationPayBillsIsDisplayed(DashBoard.java:487)
	at main.java.com.metrobank.mobile.MBM.TestCase.Dashboard.Dashboard_0103.DashBoardViewPrepaidAccountOnly0102(Dashboard_0103.java:129)
... Removed 29 stack frames]]>
    </failure>
  </testcase> <!-- DashBoardViewPrepaidAccountOnly0102 -->
  <testcase name="DashBoardMenuValidationHamburgerMenu0104" time="136.779" classname="main.java.com.metrobank.mobile.MBM.TestCase.Dashboard.DashBoard_0104">
    <failure type="org.openqa.selenium.WebDriverException" message="An unknown server-side error occurred while processing the command. Original error: Could not proxy. Proxy error: Request failed with status code 404
Build info: version: &amp;apos;3.6.0&amp;apos;, revision: &amp;apos;6fbf3ec767&amp;apos;, time: &amp;apos;2017-09-27T16:15:26.402Z&amp;apos;
System info: host: &amp;apos;LAPTOP-KU6KAF8K&amp;apos;, ip: &amp;apos;192.168.254.103&amp;apos;, os.name: &amp;apos;Windows 10&amp;apos;, os.arch: &amp;apos;x86&amp;apos;, os.version: &amp;apos;10.0&amp;apos;, java.version: &amp;apos;1.8.0_241&amp;apos;
Driver info: io.appium.java_client.android.AndroidDriver
Capabilities [{appPackage=ph.com.metrobank.mcc.mbonline, statBarHeight=50, noReset=true, viewportRect={top=50, left=0, width=720, height=1134}, deviceName=AVY9K17318900447, platform=LINUX, deviceUDID=AVY9K17318900447, desired={appPackage=ph.com.metrobank.mcc.mbonline, appActivity=ph.com.metrobank.mcc.mbm.MainActivity, noReset=true, noSign=true, platformVersion=5.1, automationName=UiAutomator2, platformName=Android, udid=AVY9K17318900447, deviceName=HUAWEI TIT-AL00}, platformVersion=5.1, webStorageEnabled=false, automationName=UiAutomator2, takesScreenshot=true, javascriptEnabled=true, udid=AVY9K17318900447, deviceApiLevel=22, deviceManufacturer=HUAWEI, platformName=LINUX, deviceScreenSize=720x1280, networkConnectionEnabled=true, noSign=true, warnings={}, databaseEnabled=false, appActivity=ph.com.metrobank.mcc.mbm.MainActivity, pixelRatio=2, locationContextEnabled=false, deviceScreenDensity=320, deviceModel=HUAWEI TIT-AL00}]
Session ID: acb55f4d-cd33-4fb5-93fc-2db9588757bd">
      <![CDATA[org.openqa.selenium.WebDriverException: An unknown server-side error occurred while processing the command. Original error: Could not proxy. Proxy error: Request failed with status code 404
Build info: version: '3.6.0', revision: '6fbf3ec767', time: '2017-09-27T16:15:26.402Z'
System info: host: 'LAPTOP-KU6KAF8K', ip: '192.168.254.103', os.name: 'Windows 10', os.arch: 'x86', os.version: '10.0', java.version: '1.8.0_241'
Driver info: io.appium.java_client.android.AndroidDriver
Capabilities [{appPackage=ph.com.metrobank.mcc.mbonline, statBarHeight=50, noReset=true, viewportRect={top=50, left=0, width=720, height=1134}, deviceName=AVY9K17318900447, platform=LINUX, deviceUDID=AVY9K17318900447, desired={appPackage=ph.com.metrobank.mcc.mbonline, appActivity=ph.com.metrobank.mcc.mbm.MainActivity, noReset=true, noSign=true, platformVersion=5.1, automationName=UiAutomator2, platformName=Android, udid=AVY9K17318900447, deviceName=HUAWEI TIT-AL00}, platformVersion=5.1, webStorageEnabled=false, automationName=UiAutomator2, takesScreenshot=true, javascriptEnabled=true, udid=AVY9K17318900447, deviceApiLevel=22, deviceManufacturer=HUAWEI, platformName=LINUX, deviceScreenSize=720x1280, networkConnectionEnabled=true, noSign=true, warnings={}, databaseEnabled=false, appActivity=ph.com.metrobank.mcc.mbm.MainActivity, pixelRatio=2, locationContextEnabled=false, deviceScreenDensity=320, deviceModel=HUAWEI TIT-AL00}]
Session ID: acb55f4d-cd33-4fb5-93fc-2db9588757bd
	at org.openqa.selenium.remote.http.W3CHttpResponseCodec.createException(W3CHttpResponseCodec.java:185)
	at org.openqa.selenium.remote.http.W3CHttpResponseCodec.decode(W3CHttpResponseCodec.java:120)
	at org.openqa.selenium.remote.http.W3CHttpResponseCodec.decode(W3CHttpResponseCodec.java:49)
	at org.openqa.selenium.remote.HttpCommandExecutor.execute(HttpCommandExecutor.java:164)
	at io.appium.java_client.remote.AppiumCommandExecutor.execute(AppiumCommandExecutor.java:67)
	at org.openqa.selenium.remote.RemoteWebDriver.execute(RemoteWebDriver.java:586)
	at io.appium.java_client.DefaultGenericMobileDriver.execute(DefaultGenericMobileDriver.java:42)
	at io.appium.java_client.AppiumDriver.execute(AppiumDriver.java:207)
	at org.openqa.selenium.remote.RemoteWebDriver.close(RemoteWebDriver.java:472)
	at main.java.com.metrobank.mobile.MBM.TestCase.Dashboard.DashBoard_0104.DashBoardMenuValidationHamburgerMenu0104(DashBoard_0104.java:140)
... Removed 29 stack frames]]>
    </failure>
  </testcase> <!-- DashBoardMenuValidationHamburgerMenu0104 -->
  <testcase name="ValidationLogOutButtonDashboard_0117" time="56.926" classname="main.java.com.metrobank.mobile.MBM.TestCase.Dashboard.Dashboard_0117">
    <failure type="org.openqa.selenium.NoSuchElementException" message="An element could not be located on the page using the given search parameters.
For documentation on this error, please visit: http://seleniumhq.org/exceptions/no_such_element.html
Build info: version: &amp;apos;3.6.0&amp;apos;, revision: &amp;apos;6fbf3ec767&amp;apos;, time: &amp;apos;2017-09-27T16:15:26.402Z&amp;apos;
System info: host: &amp;apos;LAPTOP-KU6KAF8K&amp;apos;, ip: &amp;apos;192.168.254.103&amp;apos;, os.name: &amp;apos;Windows 10&amp;apos;, os.arch: &amp;apos;x86&amp;apos;, os.version: &amp;apos;10.0&amp;apos;, java.version: &amp;apos;1.8.0_241&amp;apos;
Driver info: io.appium.java_client.android.AndroidDriver
Capabilities [{appPackage=ph.com.metrobank.mcc.mbonline, statBarHeight=50, noReset=true, viewportRect={top=50, left=0, width=720, height=1134}, deviceName=AVY9K17318900447, platform=LINUX, deviceUDID=AVY9K17318900447, desired={appPackage=ph.com.metrobank.mcc.mbonline, appActivity=ph.com.metrobank.mcc.mbm.MainActivity, noReset=true, noSign=true, platformVersion=5.1, automationName=UiAutomator2, platformName=Android, udid=AVY9K17318900447, deviceName=HUAWEI TIT-AL00}, platformVersion=5.1, webStorageEnabled=false, automationName=UiAutomator2, takesScreenshot=true, javascriptEnabled=true, udid=AVY9K17318900447, deviceApiLevel=22, deviceManufacturer=HUAWEI, platformName=LINUX, deviceScreenSize=720x1280, networkConnectionEnabled=true, noSign=true, warnings={}, databaseEnabled=false, appActivity=ph.com.metrobank.mcc.mbm.MainActivity, pixelRatio=2, locationContextEnabled=false, deviceScreenDensity=320, deviceModel=HUAWEI TIT-AL00}]
Session ID: 1b8ec3a1-a8f5-44ad-b94d-a068117db642
*** Element info: {Using=xpath, value=//android.widget.FrameLayout[1]/android.widget.LinearLayout[1]/android.widget.FrameLayout[1]/android.widget.LinearLayout[1]/android.widget.FrameLayout[1]/android.widget.FrameLayout[1]/android.view.View[1]/android.view.View[1]/android.view.View[1]/android.view.View[1]/android.view.View[1]/android.view.View[1]/android.view.View[1]/android.view.View[1]/android.view.View[1]/android.view.View[1]/android.view.View[2]/android.view.View[1]/android.view.View[1]/android.widget.TextView[1]}">
      <![CDATA[org.openqa.selenium.NoSuchElementException: An element could not be located on the page using the given search parameters.
For documentation on this error, please visit: http://seleniumhq.org/exceptions/no_such_element.html
Build info: version: '3.6.0', revision: '6fbf3ec767', time: '2017-09-27T16:15:26.402Z'
System info: host: 'LAPTOP-KU6KAF8K', ip: '192.168.254.103', os.name: 'Windows 10', os.arch: 'x86', os.version: '10.0', java.version: '1.8.0_241'
Driver info: io.appium.java_client.android.AndroidDriver
Capabilities [{appPackage=ph.com.metrobank.mcc.mbonline, statBarHeight=50, noReset=true, viewportRect={top=50, left=0, width=720, height=1134}, deviceName=AVY9K17318900447, platform=LINUX, deviceUDID=AVY9K17318900447, desired={appPackage=ph.com.metrobank.mcc.mbonline, appActivity=ph.com.metrobank.mcc.mbm.MainActivity, noReset=true, noSign=true, platformVersion=5.1, automationName=UiAutomator2, platformName=Android, udid=AVY9K17318900447, deviceName=HUAWEI TIT-AL00}, platformVersion=5.1, webStorageEnabled=false, automationName=UiAutomator2, takesScreenshot=true, javascriptEnabled=true, udid=AVY9K17318900447, deviceApiLevel=22, deviceManufacturer=HUAWEI, platformName=LINUX, deviceScreenSize=720x1280, networkConnectionEnabled=true, noSign=true, warnings={}, databaseEnabled=false, appActivity=ph.com.metrobank.mcc.mbm.MainActivity, pixelRatio=2, locationContextEnabled=false, deviceScreenDensity=320, deviceModel=HUAWEI TIT-AL00}]
Session ID: 1b8ec3a1-a8f5-44ad-b94d-a068117db642
*** Element info: {Using=xpath, value=//android.widget.FrameLayout[1]/android.widget.LinearLayout[1]/android.widget.FrameLayout[1]/android.widget.LinearLayout[1]/android.widget.FrameLayout[1]/android.widget.FrameLayout[1]/android.view.View[1]/android.view.View[1]/android.view.View[1]/android.view.View[1]/android.view.View[1]/android.view.View[1]/android.view.View[1]/android.view.View[1]/android.view.View[1]/android.view.View[1]/android.view.View[2]/android.view.View[1]/android.view.View[1]/android.widget.TextView[1]}
	at org.openqa.selenium.remote.http.W3CHttpResponseCodec.createException(W3CHttpResponseCodec.java:185)
	at org.openqa.selenium.remote.http.W3CHttpResponseCodec.decode(W3CHttpResponseCodec.java:120)
	at org.openqa.selenium.remote.http.W3CHttpResponseCodec.decode(W3CHttpResponseCodec.java:49)
	at org.openqa.selenium.remote.HttpCommandExecutor.execute(HttpCommandExecutor.java:164)
	at io.appium.java_client.remote.AppiumCommandExecutor.execute(AppiumCommandExecutor.java:67)
	at org.openqa.selenium.remote.RemoteWebDriver.execute(RemoteWebDriver.java:586)
	at io.appium.java_client.DefaultGenericMobileDriver.execute(DefaultGenericMobileDriver.java:42)
	at io.appium.java_client.AppiumDriver.execute(AppiumDriver.java:1)
	at io.appium.java_client.android.AndroidDriver.execute(AndroidDriver.java:1)
	at org.openqa.selenium.remote.RemoteWebDriver.findElement(RemoteWebDriver.java:356)
	at org.openqa.selenium.remote.RemoteWebDriver.findElementByXPath(RemoteWebDriver.java:458)
	at io.appium.java_client.DefaultGenericMobileDriver.findElementByXPath(DefaultGenericMobileDriver.java:132)
	at io.appium.java_client.AppiumDriver.findElementByXPath(AppiumDriver.java:1)
	at io.appium.java_client.android.AndroidDriver.findElementByXPath(AndroidDriver.java:1)
	at org.openqa.selenium.By$ByXPath.findElement(By.java:361)
	at org.openqa.selenium.remote.RemoteWebDriver.findElement(RemoteWebDriver.java:348)
	at io.appium.java_client.DefaultGenericMobileDriver.findElement(DefaultGenericMobileDriver.java:52)
	at io.appium.java_client.AppiumDriver.findElement(AppiumDriver.java:1)
	at io.appium.java_client.android.AndroidDriver.findElement(AndroidDriver.java:1)
	at main.java.com.metrobank.mobile.MBM.DashBoard.DashBoard.logOutMessageIsDisplayed(DashBoard.java:233)
	at main.java.com.metrobank.mobile.MBM.TestCase.Dashboard.Dashboard_0117.ValidationLogOutButtonDashboard_0117(Dashboard_0117.java:59)
... Removed 29 stack frames]]>
    </failure>
  </testcase> <!-- ValidationLogOutButtonDashboard_0117 -->
  <testcase name="ValidationLogoDashBoard0118" time="52.523" classname="main.java.com.metrobank.mobile.MBM.TestCase.Dashboard.Dashboard_0118"/>
  <testcase name="ViewingMainOptionNavigationBar0119" time="74.682" classname="main.java.com.metrobank.mobile.MBM.TestCase.Dashboard.Dashboard_0119"/>
  <testcase name="ValidationLogOutBtnNavigationBar0120" time="73.74" classname="main.java.com.metrobank.mobile.MBM.TestCase.Dashboard.Dashboard_0120">
    <failure type="org.openqa.selenium.NoSuchElementException" message="An element could not be located on the page using the given search parameters.
For documentation on this error, please visit: http://seleniumhq.org/exceptions/no_such_element.html
Build info: version: &amp;apos;3.6.0&amp;apos;, revision: &amp;apos;6fbf3ec767&amp;apos;, time: &amp;apos;2017-09-27T16:15:26.402Z&amp;apos;
System info: host: &amp;apos;LAPTOP-KU6KAF8K&amp;apos;, ip: &amp;apos;192.168.254.103&amp;apos;, os.name: &amp;apos;Windows 10&amp;apos;, os.arch: &amp;apos;x86&amp;apos;, os.version: &amp;apos;10.0&amp;apos;, java.version: &amp;apos;1.8.0_241&amp;apos;
Driver info: io.appium.java_client.android.AndroidDriver
Capabilities [{appPackage=ph.com.metrobank.mcc.mbonline, statBarHeight=50, noReset=true, viewportRect={top=50, left=0, width=720, height=1134}, deviceName=AVY9K17318900447, platform=LINUX, deviceUDID=AVY9K17318900447, desired={appPackage=ph.com.metrobank.mcc.mbonline, appActivity=ph.com.metrobank.mcc.mbm.MainActivity, noReset=true, noSign=true, platformVersion=5.1, automationName=UiAutomator2, platformName=Android, udid=AVY9K17318900447, deviceName=HUAWEI TIT-AL00}, platformVersion=5.1, webStorageEnabled=false, automationName=UiAutomator2, takesScreenshot=true, javascriptEnabled=true, udid=AVY9K17318900447, deviceApiLevel=22, deviceManufacturer=HUAWEI, platformName=LINUX, deviceScreenSize=720x1280, networkConnectionEnabled=true, noSign=true, warnings={}, databaseEnabled=false, appActivity=ph.com.metrobank.mcc.mbm.MainActivity, pixelRatio=2, locationContextEnabled=false, deviceScreenDensity=320, deviceModel=HUAWEI TIT-AL00}]
Session ID: b3cab2d8-4c19-414b-836a-b18ad381f53b
*** Element info: {Using=xpath, value=//android.widget.FrameLayout[1]/android.widget.LinearLayout[1]/android.widget.FrameLayout[1]/android.widget.LinearLayout[1]/android.widget.FrameLayout[1]/android.widget.FrameLayout[1]/android.view.View[1]/android.view.View[1]/android.view.View[1]/android.view.View[1]/android.view.View[1]/android.view.View[1]/android.view.View[1]/android.view.View[1]/android.view.View[1]/android.view.View[1]/android.view.View[1]/android.view.View[1]/android.widget.TextView[1]}">
      <![CDATA[org.openqa.selenium.NoSuchElementException: An element could not be located on the page using the given search parameters.
For documentation on this error, please visit: http://seleniumhq.org/exceptions/no_such_element.html
Build info: version: '3.6.0', revision: '6fbf3ec767', time: '2017-09-27T16:15:26.402Z'
System info: host: 'LAPTOP-KU6KAF8K', ip: '192.168.254.103', os.name: 'Windows 10', os.arch: 'x86', os.version: '10.0', java.version: '1.8.0_241'
Driver info: io.appium.java_client.android.AndroidDriver
Capabilities [{appPackage=ph.com.metrobank.mcc.mbonline, statBarHeight=50, noReset=true, viewportRect={top=50, left=0, width=720, height=1134}, deviceName=AVY9K17318900447, platform=LINUX, deviceUDID=AVY9K17318900447, desired={appPackage=ph.com.metrobank.mcc.mbonline, appActivity=ph.com.metrobank.mcc.mbm.MainActivity, noReset=true, noSign=true, platformVersion=5.1, automationName=UiAutomator2, platformName=Android, udid=AVY9K17318900447, deviceName=HUAWEI TIT-AL00}, platformVersion=5.1, webStorageEnabled=false, automationName=UiAutomator2, takesScreenshot=true, javascriptEnabled=true, udid=AVY9K17318900447, deviceApiLevel=22, deviceManufacturer=HUAWEI, platformName=LINUX, deviceScreenSize=720x1280, networkConnectionEnabled=true, noSign=true, warnings={}, databaseEnabled=false, appActivity=ph.com.metrobank.mcc.mbm.MainActivity, pixelRatio=2, locationContextEnabled=false, deviceScreenDensity=320, deviceModel=HUAWEI TIT-AL00}]
Session ID: b3cab2d8-4c19-414b-836a-b18ad381f53b
*** Element info: {Using=xpath, value=//android.widget.FrameLayout[1]/android.widget.LinearLayout[1]/android.widget.FrameLayout[1]/android.widget.LinearLayout[1]/android.widget.FrameLayout[1]/android.widget.FrameLayout[1]/android.view.View[1]/android.view.View[1]/android.view.View[1]/android.view.View[1]/android.view.View[1]/android.view.View[1]/android.view.View[1]/android.view.View[1]/android.view.View[1]/android.view.View[1]/android.view.View[1]/android.view.View[1]/android.widget.TextView[1]}
	at org.openqa.selenium.remote.http.W3CHttpResponseCodec.createException(W3CHttpResponseCodec.java:185)
	at org.openqa.selenium.remote.http.W3CHttpResponseCodec.decode(W3CHttpResponseCodec.java:120)
	at org.openqa.selenium.remote.http.W3CHttpResponseCodec.decode(W3CHttpResponseCodec.java:49)
	at org.openqa.selenium.remote.HttpCommandExecutor.execute(HttpCommandExecutor.java:164)
	at io.appium.java_client.remote.AppiumCommandExecutor.execute(AppiumCommandExecutor.java:67)
	at org.openqa.selenium.remote.RemoteWebDriver.execute(RemoteWebDriver.java:586)
	at io.appium.java_client.DefaultGenericMobileDriver.execute(DefaultGenericMobileDriver.java:42)
	at io.appium.java_client.AppiumDriver.execute(AppiumDriver.java:1)
	at io.appium.java_client.android.AndroidDriver.execute(AndroidDriver.java:1)
	at org.openqa.selenium.remote.RemoteWebDriver.findElement(RemoteWebDriver.java:356)
	at org.openqa.selenium.remote.RemoteWebDriver.findElementByXPath(RemoteWebDriver.java:458)
	at io.appium.java_client.DefaultGenericMobileDriver.findElementByXPath(DefaultGenericMobileDriver.java:132)
	at io.appium.java_client.AppiumDriver.findElementByXPath(AppiumDriver.java:1)
	at io.appium.java_client.android.AndroidDriver.findElementByXPath(AndroidDriver.java:1)
	at org.openqa.selenium.By$ByXPath.findElement(By.java:361)
	at org.openqa.selenium.remote.RemoteWebDriver.findElement(RemoteWebDriver.java:348)
	at io.appium.java_client.DefaultGenericMobileDriver.findElement(DefaultGenericMobileDriver.java:52)
	at io.appium.java_client.AppiumDriver.findElement(AppiumDriver.java:1)
	at io.appium.java_client.android.AndroidDriver.findElement(AndroidDriver.java:1)
	at main.java.com.metrobank.mobile.MBM.DashBoard.DashBoard.clickhamburgerMenuMyAccounts(DashBoard.java:802)
	at main.java.com.metrobank.mobile.MBM.TestCase.Dashboard.Dashboard_0120.ValidationLogOutBtnNavigationBar0120(Dashboard_0120.java:114)
... Removed 29 stack frames]]>
    </failure>
  </testcase> <!-- ValidationLogOutBtnNavigationBar0120 -->
  <testcase name="ValidationBtnNavigationBar0122" time="58.689" classname="main.java.com.metrobank.mobile.MBM.TestCase.Dashboard.Dashboard_0121"/>
  <testcase name="ValidationCustomizeDashboard0124" time="86.613" classname="main.java.com.metrobank.mobile.MBM.TestCase.Dashboard.Dashboard_0124_0125"/>
  <testcase name="ValidationCustomizeDashboard0126" time="132.89" classname="main.java.com.metrobank.mobile.MBM.TestCase.Dashboard.Dashboard_0126"/>
  <testcase name="RemovingSingleWidget0127" time="68.2" classname="main.java.com.metrobank.mobile.MBM.TestCase.Dashboard.Dashboard_0127">
    <failure type="org.openqa.selenium.NoSuchElementException" message="An element could not be located on the page using the given search parameters.
For documentation on this error, please visit: http://seleniumhq.org/exceptions/no_such_element.html
Build info: version: &amp;apos;3.6.0&amp;apos;, revision: &amp;apos;6fbf3ec767&amp;apos;, time: &amp;apos;2017-09-27T16:15:26.402Z&amp;apos;
System info: host: &amp;apos;LAPTOP-KU6KAF8K&amp;apos;, ip: &amp;apos;192.168.254.103&amp;apos;, os.name: &amp;apos;Windows 10&amp;apos;, os.arch: &amp;apos;x86&amp;apos;, os.version: &amp;apos;10.0&amp;apos;, java.version: &amp;apos;1.8.0_241&amp;apos;
Driver info: io.appium.java_client.android.AndroidDriver
Capabilities [{appPackage=ph.com.metrobank.mcc.mbonline, statBarHeight=50, noReset=true, viewportRect={top=50, left=0, width=720, height=1134}, deviceName=AVY9K17318900447, platform=LINUX, deviceUDID=AVY9K17318900447, desired={appPackage=ph.com.metrobank.mcc.mbonline, appActivity=ph.com.metrobank.mcc.mbm.MainActivity, noReset=true, noSign=true, platformVersion=5.1, automationName=UiAutomator2, platformName=Android, udid=AVY9K17318900447, deviceName=HUAWEI TIT-AL00}, platformVersion=5.1, webStorageEnabled=false, automationName=UiAutomator2, takesScreenshot=true, javascriptEnabled=true, udid=AVY9K17318900447, deviceApiLevel=22, deviceManufacturer=HUAWEI, platformName=LINUX, deviceScreenSize=720x1280, networkConnectionEnabled=true, noSign=true, warnings={}, databaseEnabled=false, appActivity=ph.com.metrobank.mcc.mbm.MainActivity, pixelRatio=2, locationContextEnabled=false, deviceScreenDensity=320, deviceModel=HUAWEI TIT-AL00}]
Session ID: 1753cf47-e9df-4042-bb60-599c4037b3cf
*** Element info: {Using=xpath, value=//android.widget.FrameLayout[1]/android.widget.LinearLayout[1]/android.widget.FrameLayout[1]/android.widget.FrameLayout[1]/android.view.View[1]/android.view.View[1]/android.view.View[2]/android.view.View[1]/android.widget.TextView[1]}">
      <![CDATA[org.openqa.selenium.NoSuchElementException: An element could not be located on the page using the given search parameters.
For documentation on this error, please visit: http://seleniumhq.org/exceptions/no_such_element.html
Build info: version: '3.6.0', revision: '6fbf3ec767', time: '2017-09-27T16:15:26.402Z'
System info: host: 'LAPTOP-KU6KAF8K', ip: '192.168.254.103', os.name: 'Windows 10', os.arch: 'x86', os.version: '10.0', java.version: '1.8.0_241'
Driver info: io.appium.java_client.android.AndroidDriver
Capabilities [{appPackage=ph.com.metrobank.mcc.mbonline, statBarHeight=50, noReset=true, viewportRect={top=50, left=0, width=720, height=1134}, deviceName=AVY9K17318900447, platform=LINUX, deviceUDID=AVY9K17318900447, desired={appPackage=ph.com.metrobank.mcc.mbonline, appActivity=ph.com.metrobank.mcc.mbm.MainActivity, noReset=true, noSign=true, platformVersion=5.1, automationName=UiAutomator2, platformName=Android, udid=AVY9K17318900447, deviceName=HUAWEI TIT-AL00}, platformVersion=5.1, webStorageEnabled=false, automationName=UiAutomator2, takesScreenshot=true, javascriptEnabled=true, udid=AVY9K17318900447, deviceApiLevel=22, deviceManufacturer=HUAWEI, platformName=LINUX, deviceScreenSize=720x1280, networkConnectionEnabled=true, noSign=true, warnings={}, databaseEnabled=false, appActivity=ph.com.metrobank.mcc.mbm.MainActivity, pixelRatio=2, locationContextEnabled=false, deviceScreenDensity=320, deviceModel=HUAWEI TIT-AL00}]
Session ID: 1753cf47-e9df-4042-bb60-599c4037b3cf
*** Element info: {Using=xpath, value=//android.widget.FrameLayout[1]/android.widget.LinearLayout[1]/android.widget.FrameLayout[1]/android.widget.FrameLayout[1]/android.view.View[1]/android.view.View[1]/android.view.View[2]/android.view.View[1]/android.widget.TextView[1]}
	at org.openqa.selenium.remote.http.W3CHttpResponseCodec.createException(W3CHttpResponseCodec.java:185)
	at org.openqa.selenium.remote.http.W3CHttpResponseCodec.decode(W3CHttpResponseCodec.java:120)
	at org.openqa.selenium.remote.http.W3CHttpResponseCodec.decode(W3CHttpResponseCodec.java:49)
	at org.openqa.selenium.remote.HttpCommandExecutor.execute(HttpCommandExecutor.java:164)
	at io.appium.java_client.remote.AppiumCommandExecutor.execute(AppiumCommandExecutor.java:67)
	at org.openqa.selenium.remote.RemoteWebDriver.execute(RemoteWebDriver.java:586)
	at io.appium.java_client.DefaultGenericMobileDriver.execute(DefaultGenericMobileDriver.java:42)
	at io.appium.java_client.AppiumDriver.execute(AppiumDriver.java:1)
	at io.appium.java_client.android.AndroidDriver.execute(AndroidDriver.java:1)
	at org.openqa.selenium.remote.RemoteWebDriver.findElement(RemoteWebDriver.java:356)
	at org.openqa.selenium.remote.RemoteWebDriver.findElementByXPath(RemoteWebDriver.java:458)
	at io.appium.java_client.DefaultGenericMobileDriver.findElementByXPath(DefaultGenericMobileDriver.java:132)
	at io.appium.java_client.AppiumDriver.findElementByXPath(AppiumDriver.java:1)
	at io.appium.java_client.android.AndroidDriver.findElementByXPath(AndroidDriver.java:1)
	at org.openqa.selenium.By$ByXPath.findElement(By.java:361)
	at org.openqa.selenium.remote.RemoteWebDriver.findElement(RemoteWebDriver.java:348)
	at io.appium.java_client.DefaultGenericMobileDriver.findElement(DefaultGenericMobileDriver.java:52)
	at io.appium.java_client.AppiumDriver.findElement(AppiumDriver.java:1)
	at io.appium.java_client.android.AndroidDriver.findElement(AndroidDriver.java:1)
	at main.java.com.metrobank.mobile.MBM.DashBoard.DashBoard.getErrorMessageWidget(DashBoard.java:806)
	at main.java.com.metrobank.mobile.MBM.TestCase.Dashboard.Dashboard_0127.RemovingSingleWidget0127(Dashboard_0127.java:88)
... Removed 29 stack frames]]>
    </failure>
  </testcase> <!-- RemovingSingleWidget0127 -->
  <testcase name="ViewingofDepositWidget" time="64.42" classname="main.java.com.metrobank.mobile.MBM.TestCase.Dashboard.Dashboard_0129"/>
  <testcase name="ViewingShortcutWidget" time="66.49" classname="main.java.com.metrobank.mobile.MBM.TestCase.Dashboard.Dashboard_0134"/>
  <testcase name="UpdatingShortCutWidget" time="87.462" classname="main.java.com.metrobank.mobile.MBM.TestCase.Dashboard.Dashboard_0135"/>
  <testcase name="UpdatingShortCutWidget" time="88.223" classname="main.java.com.metrobank.mobile.MBM.TestCase.Dashboard.Dashboard_0136">
    <failure type="java.lang.OutOfMemoryError" message="Java heap space">
      <![CDATA[java.lang.OutOfMemoryError: Java heap space
	at java.util.Arrays.copyOf(Arrays.java:3332)
	at java.lang.AbstractStringBuilder.ensureCapacityInternal(AbstractStringBuilder.java:124)
	at java.lang.AbstractStringBuilder.append(AbstractStringBuilder.java:448)
	at java.lang.StringBuffer.append(StringBuffer.java:270)
	at java.io.StringWriter.write(StringWriter.java:101)
	at freemarker.core.DollarVariable.accept(DollarVariable.java:70)
	at freemarker.core.Environment.visit(Environment.java:367)
	at freemarker.core.IteratorBlock$IterationContext.executedNestedContentForCollOrSeqListing(IteratorBlock.java:321)
	at freemarker.core.IteratorBlock$IterationContext.executeNestedContent(IteratorBlock.java:271)
	at freemarker.core.IteratorBlock$IterationContext.accept(IteratorBlock.java:244)
	at freemarker.core.Environment.visitIteratorBlock(Environment.java:643)
	at freemarker.core.IteratorBlock.acceptWithResult(IteratorBlock.java:108)
	at freemarker.core.IteratorBlock.accept(IteratorBlock.java:94)
	at freemarker.core.Environment.visit(Environment.java:331)
	at freemarker.core.Environment.visit(Environment.java:337)
	at freemarker.core.Environment.visit(Environment.java:337)
	at freemarker.core.Environment.include(Environment.java:2694)
	at freemarker.core.Include.accept(Include.java:171)
	at freemarker.core.Environment.visit(Environment.java:331)
	at freemarker.core.Environment.visit(Environment.java:373)
	at freemarker.core.IteratorBlock$IterationContext.executedNestedContentForCollOrSeqListing(IteratorBlock.java:321)
	at freemarker.core.IteratorBlock$IterationContext.executeNestedContent(IteratorBlock.java:271)
	at freemarker.core.IteratorBlock$IterationContext.accept(IteratorBlock.java:244)
	at freemarker.core.Environment.visitIteratorBlock(Environment.java:643)
	at freemarker.core.IteratorBlock.acceptWithResult(IteratorBlock.java:108)
	at freemarker.core.IteratorBlock.accept(IteratorBlock.java:94)
	at freemarker.core.Environment.visit(Environment.java:331)
	at freemarker.core.Environment.visit(Environment.java:337)
	at freemarker.core.Environment.include(Environment.java:2694)
	at freemarker.core.Include.accept(Include.java:171)
	at freemarker.core.Environment.visit(Environment.java:331)
	at freemarker.core.Environment.visit(Environment.java:337)
]]>
    </failure>
  </testcase> <!-- UpdatingShortCutWidget -->
  <testcase name="RemovingWidgetShortcut0138" time="76.257" classname="main.java.com.metrobank.mobile.MBM.TestCase.Dashboard.Dashboard_0138"/>
  <testcase name="ViewingOfActivityLog" time="75.502" classname="main.java.com.metrobank.mobile.MBM.TestCase.Dashboard.Dashboard_0139">
    <failure type="java.lang.OutOfMemoryError" message="Java heap space">
      <![CDATA[java.lang.OutOfMemoryError: Java heap space
	at java.util.Arrays.copyOf(Arrays.java:3332)
	at java.lang.AbstractStringBuilder.ensureCapacityInternal(AbstractStringBuilder.java:124)
	at java.lang.AbstractStringBuilder.append(AbstractStringBuilder.java:448)
	at java.lang.StringBuffer.append(StringBuffer.java:270)
	at java.io.StringWriter.write(StringWriter.java:101)
	at freemarker.core.DollarVariable.accept(DollarVariable.java:70)
	at freemarker.core.Environment.visit(Environment.java:367)
	at freemarker.core.IteratorBlock$IterationContext.executedNestedContentForCollOrSeqListing(IteratorBlock.java:321)
	at freemarker.core.IteratorBlock$IterationContext.executeNestedContent(IteratorBlock.java:271)
	at freemarker.core.IteratorBlock$IterationContext.accept(IteratorBlock.java:244)
	at freemarker.core.Environment.visitIteratorBlock(Environment.java:643)
	at freemarker.core.IteratorBlock.acceptWithResult(IteratorBlock.java:108)
	at freemarker.core.IteratorBlock.accept(IteratorBlock.java:94)
	at freemarker.core.Environment.visit(Environment.java:331)
	at freemarker.core.Environment.visit(Environment.java:337)
	at freemarker.core.Environment.visit(Environment.java:337)
	at freemarker.core.Environment.include(Environment.java:2694)
	at freemarker.core.Include.accept(Include.java:171)
	at freemarker.core.Environment.visit(Environment.java:331)
	at freemarker.core.Environment.visit(Environment.java:373)
	at freemarker.core.IteratorBlock$IterationContext.executedNestedContentForCollOrSeqListing(IteratorBlock.java:321)
	at freemarker.core.IteratorBlock$IterationContext.executeNestedContent(IteratorBlock.java:271)
	at freemarker.core.IteratorBlock$IterationContext.accept(IteratorBlock.java:244)
	at freemarker.core.Environment.visitIteratorBlock(Environment.java:643)
	at freemarker.core.IteratorBlock.acceptWithResult(IteratorBlock.java:108)
	at freemarker.core.IteratorBlock.accept(IteratorBlock.java:94)
	at freemarker.core.Environment.visit(Environment.java:331)
	at freemarker.core.Environment.visit(Environment.java:337)
	at freemarker.core.Environment.include(Environment.java:2694)
	at freemarker.core.Include.accept(Include.java:171)
	at freemarker.core.Environment.visit(Environment.java:331)
	at freemarker.core.Environment.visit(Environment.java:337)
]]>
    </failure>
  </testcase> <!-- ViewingOfActivityLog -->
  <testcase name="RemovingOfActivityLogWidget" time="85.875" classname="main.java.com.metrobank.mobile.MBM.TestCase.Dashboard.Dashboard_0142"/>
  <testcase name="ViewingInboxWidget" time="89.519" classname="main.java.com.metrobank.mobile.MBM.TestCase.Dashboard.Dashboard_0143">
    <failure type="java.lang.OutOfMemoryError" message="Java heap space">
      <![CDATA[java.lang.OutOfMemoryError: Java heap space
]]>
    </failure>
  </testcase> <!-- ViewingInboxWidget -->
  <testcase name="RemovingInboxWidget" time="106.155" classname="main.java.com.metrobank.mobile.MBM.TestCase.Dashboard.Dashboard_0146">
    <failure type="java.lang.OutOfMemoryError" message="Java heap space">
      <![CDATA[java.lang.OutOfMemoryError: Java heap space
]]>
    </failure>
  </testcase> <!-- RemovingInboxWidget -->
</testsuite> <!-- Sprint1 -->
