<?xml version="1.0" encoding="UTF-8"?>
<testng-results skipped="0" failed="0" total="1" passed="1">
  <reporter-output>
  </reporter-output>
  <suite name="Default suite" duration-ms="84606" started-at="2020-10-28T09:16:37Z" finished-at="2020-10-28T09:18:01Z">
    <groups>
    </groups>
    <test name="Default test" duration-ms="84606" started-at="2020-10-28T09:16:37Z" finished-at="2020-10-28T09:18:01Z">
      <class name="main.java.com.metrobank.mobile.MBM.TestCase.Dashboard.Dashboard_0135">
        <test-method status="PASS" signature="UpdatingShortCutWidget()[pri:0, instance:main.java.com.metrobank.mobile.MBM.TestCase.Dashboard.Dashboard_0135@1fa3a9d]" name="UpdatingShortCutWidget" duration-ms="84583" started-at="2020-10-28T17:16:37Z" finished-at="2020-10-28T17:18:01Z">
          <reporter-output>
          </reporter-output>
        </test-method> <!-- UpdatingShortCutWidget -->
      </class> <!-- main.java.com.metrobank.mobile.MBM.TestCase.Dashboard.Dashboard_0135 -->
    </test> <!-- Default test -->
  </suite> <!-- Default suite -->
</testng-results>
